#
# A fatal error has been detected by the Java Runtime Environment:
#
#  EXCEPTION_ACCESS_VIOLATION (0xc0000005) at pc=0x00007ffcd759d422, pid=16140, tid=2196
#
# JRE version: Java(TM) SE Runtime Environment (17.0.6+9) (build 17.0.6+9-LTS-190)
# Java VM: Java HotSpot(TM) 64-Bit Server VM (17.0.6+9-LTS-190, mixed mode, sharing, tiered, compressed oops, compressed class ptrs, parallel gc, windows-amd64)
# Problematic frame:
# V  [jvm.dll+0x57d422]
#
# No core dump will be written. Minidumps are not enabled by default on client versions of Windows
#
# If you would like to submit a bug report, please visit:
#   https://bugreport.java.com/bugreport/crash.jsp
#

---------------  S U M M A R Y ------------

Command Line: -Xms1G -Xmx1G -XX:+UseParallelGC -XX:ParallelGCThreads=4 -ea -Dfile.encoding=UTF-8 -XX:+ShowCodeDetailsInExceptionMessages org.eclipse.jdt.internal.junit.runner.RemoteTestRunner -version 3 -port 55327 -testLoaderClass org.eclipse.jdt.internal.junit5.runner.JUnit5TestLoader -loaderpluginname org.eclipse.jdt.junit5.runtime -classNames unittests.MiniProject1

Host: Intel(R) Core(TM) i7-1065G7 CPU @ 1.30GHz, 8 cores, 15G,  Windows 10 , 64 bit Build 19041 (10.0.19041.3155)
Time: Fri Jul 28 08:13:07 2023  Windows 10 , 64 bit Build 19041 (10.0.19041.3155) elapsed time: 0.783654 seconds (0d 0h 0m 0s)

---------------  T H R E A D  ---------------

Current thread (0x0000016a78929050):  JavaThread "C2 CompilerThread2" daemon [_thread_in_native, id=2196, stack(0x00000055f1000000,0x00000055f1100000)]


Current CompileTask:
C2:    783 1372       4       geometries.Cylinder::baseIntersection (73 bytes)

Stack: [0x00000055f1000000,0x00000055f1100000],  sp=0x00000055f10faca0,  free space=1003k
Native frames: (J=compiled Java code, j=interpreted, Vv=VM code, C=native code)
V  [jvm.dll+0x57d422]
V  [jvm.dll+0x57d134]
V  [jvm.dll+0x57c388]
V  [jvm.dll+0x21e142]
V  [jvm.dll+0x2177c5]
V  [jvm.dll+0x215109]
V  [jvm.dll+0x1a1730]
V  [jvm.dll+0x224b6e]
V  [jvm.dll+0x222f15]
V  [jvm.dll+0x78753c]
V  [jvm.dll+0x781a7a]
V  [jvm.dll+0x672375]
C  [ucrtbase.dll+0x21bb2]
C  [KERNEL32.DLL+0x17614]
C  [ntdll.dll+0x526b1]


siginfo: EXCEPTION_ACCESS_VIOLATION (0xc0000005), reading address 0x0000000000000008


Register to memory mapping:

RIP=0x00007ffcd759d422 jvm.dll
RAX=0x0000016a78253b90 points into unknown readable memory: 0x0000000000000000 | 00 00 00 00 00 00 00 00
RBX=0x0 is NULL
RCX=0x0 is NULL
RDX=0x00000055f10fb100 is pointing into the stack for thread: 0x0000016a78929050
RSP=0x00000055f10faca0 is pointing into the stack for thread: 0x0000016a78929050
RBP=0x0000016a781f20e8 points into unknown readable memory: 0x00007ffcd78d51d0 | d0 51 8d d7 fc 7f 00 00
RSI=0x0000016a7821bc00 points into unknown readable memory: 0x0000000000000000 | 00 00 00 00 00 00 00 00
RDI=0x00000055f10fb0d0 is pointing into the stack for thread: 0x0000016a78929050
R8 =0x0000016a78253b90 points into unknown readable memory: 0x0000000000000000 | 00 00 00 00 00 00 00 00
R9 =0x0000000000001000 is an unknown value
R10=0xfefefefefefefeff is an unknown value
R11=0x8080808080808080 is an unknown value
R12=0x00000055f10fad98 is pointing into the stack for thread: 0x0000016a78929050
R13=0x00000055f10fad70 is pointing into the stack for thread: 0x0000016a78929050
R14=0x0000016a78275f48 points into unknown readable memory: 0x00007ffcd78d0ad0 | d0 0a 8d d7 fc 7f 00 00
R15=0x0000016a766c41e8 points into unknown readable memory: 0x00007ffcd786f640 | 40 f6 86 d7 fc 7f 00 00


Registers:
RAX=0x0000016a78253b90, RBX=0x0000000000000000, RCX=0x0000000000000000, RDX=0x00000055f10fb100
RSP=0x00000055f10faca0, RBP=0x0000016a781f20e8, RSI=0x0000016a7821bc00, RDI=0x00000055f10fb0d0
R8 =0x0000016a78253b90, R9 =0x0000000000001000, R10=0xfefefefefefefeff, R11=0x8080808080808080
R12=0x00000055f10fad98, R13=0x00000055f10fad70, R14=0x0000016a78275f48, R15=0x0000016a766c41e8
RIP=0x00007ffcd759d422, EFLAGS=0x0000000000010283

Top of Stack: (sp=0x00000055f10faca0)
0x00000055f10faca0:   0000000000000010 0000016a78276340
0x00000055f10facb0:   0000016a766c41e8 000000000000001a
0x00000055f10facc0:   0000000000000001 00000055f10fadb8
0x00000055f10facd0:   0000016a782762e8 00007ffcd759d134
0x00000055f10face0:   0000000000000010 0000000000000027
0x00000055f10facf0:   00000055f10fad98 0000016a78275f48
0x00000055f10fad00:   0000016a7883ffe0 0000016a7883ff90
0x00000055f10fad10:   0000016a788e0938 00000055f10fae40
0x00000055f10fad20:   0000016a5dc43540 0000000000000000
0x00000055f10fad30:   00000055f10fb0d0 00007ffcd759c388
0x00000055f10fad40:   00000055f10fb0d0 0000000000000001
0x00000055f10fad50:   0000016a00000001 00000055f10fadb8
0x00000055f10fad60:   00000055f10fef00 00007ffc7f003b44
0x00000055f10fad70:   0000016a7886dff0 0000000000000080
0x00000055f10fad80:   0000016a78049960 0000000000000028
0x00000055f10fad90:   0000000000000000 0000016a00000080 

Instructions: (pc=0x00007ffcd759d422)
0x00007ffcd759d322:   4a 0d 00 48 8b 47 30 48 c7 04 d8 00 00 00 00 48
0x00007ffcd759d332:   83 c4 20 41 5e 5f 5b c3 49 8b d6 4c 89 7c 24 58
0x00007ffcd759d342:   48 8b cf e8 26 c8 fe ff 45 33 c9 4c 8b c0 49 8b
0x00007ffcd759d352:   d6 48 8b cf 4c 8b f8 e8 62 13 00 00 41 8b 4e 2c
0x00007ffcd759d362:   48 8b d8 83 e1 3f 80 f9 30 75 19 49 3b c7 74 14
0x00007ffcd759d372:   4c 8b c8 4d 8b c7 49 8b d6 48 8b cf e8 dd 3b 00
0x00007ffcd759d382:   00 48 8b d8 48 89 74 24 48 48 85 db 75 55 41 8b
0x00007ffcd759d392:   5e 28 3b 5f 28 72 0b 8b d3 48 8d 4f 20 e8 3c 4a
0x00007ffcd759d3a2:   0d 00 48 8b 47 30 48 c7 04 d8 00 00 00 00 8b 9f
0x00007ffcd759d3b2:   d0 09 00 00 8d 43 01 89 87 d0 09 00 00 3b 9f c0
0x00007ffcd759d3c2:   09 00 00 72 0e 8b d3 48 8d 8f b8 09 00 00 e8 0b
0x00007ffcd759d3d2:   4a 0d 00 48 8b 87 c8 09 00 00 4c 89 34 d8 e9 30
0x00007ffcd759d3e2:   03 00 00 48 89 6c 24 40 48 8b eb 4c 3b fb 0f 84
0x00007ffcd759d3f2:   75 02 00 00 44 8b 4f 28 48 8d 57 30 4c 89 64 24
0x00007ffcd759d402:   50 0f 1f 40 00 66 0f 1f 84 00 00 00 00 00 8b 4b
0x00007ffcd759d412:   28 48 8b 87 f8 09 00 00 48 8b 1c c8 4c 8d 04 c8
0x00007ffcd759d422:   48 8b 43 08 48 83 38 00 75 2b 0f 1f 40 00 8b 43
0x00007ffcd759d432:   28 41 3b c1 73 0b 8b c8 48 8b 02 48 8b 1c c8 eb
0x00007ffcd759d442:   02 33 db 48 83 e3 fe 48 8d 57 30 48 8b 43 08 48
0x00007ffcd759d452:   83 38 00 74 d9 49 89 18 8b 43 28 3b 47 28 73 0f
0x00007ffcd759d462:   8b c8 48 8b 47 30 48 8b 34 c8 48 85 f6 75 07 48
0x00007ffcd759d472:   8b b7 90 09 00 00 48 85 ed 75 24 4c 8d 0d 2c e1
0x00007ffcd759d482:   36 00 ba b0 03 00 00 4c 8d 05 30 e1 36 00 48 8d
0x00007ffcd759d492:   0d a9 ee 35 00 e8 14 5e cc ff e8 bf 5b 0f 00 8b
0x00007ffcd759d4a2:   45 28 44 8b 4f 28 41 3b c1 73 13 8b c8 48 8d 57
0x00007ffcd759d4b2:   30 48 8b 47 30 4c 8b 04 c8 4d 85 c0 75 0b 4c 8b
0x00007ffcd759d4c2:   87 90 09 00 00 48 8d 57 30 41 0f b7 40 58 48 8b
0x00007ffcd759d4d2:   cb 66 39 46 58 48 0f 43 cd 48 8b e9 4c 3b fb 0f
0x00007ffcd759d4e2:   85 29 ff ff ff 49 3b cf 0f 84 76 01 00 00 8b 41
0x00007ffcd759d4f2:   2c 48 8b f1 24 0f 3c 08 75 68 0f 1f 40 00 33 d2
0x00007ffcd759d502:   48 8b ce e8 46 4b 0c 00 48 85 c0 74 55 48 8b c8
0x00007ffcd759d512:   e8 59 d3 c2 ff 85 c0 79 49 f7 d0 c1 f8 03 83 e0 


Stack slot to memory mapping:
stack at sp + 0 slots: 0x0000000000000010 is an unknown value
stack at sp + 1 slots: 0x0000016a78276340 points into unknown readable memory: 0x0000000000000000 | 00 00 00 00 00 00 00 00
stack at sp + 2 slots: 0x0000016a766c41e8 points into unknown readable memory: 0x00007ffcd786f640 | 40 f6 86 d7 fc 7f 00 00
stack at sp + 3 slots: 0x000000000000001a is an unknown value
stack at sp + 4 slots: 0x0000000000000001 is an unknown value
stack at sp + 5 slots: 0x00000055f10fadb8 is pointing into the stack for thread: 0x0000016a78929050
stack at sp + 6 slots: 0x0000016a782762e8 points into unknown readable memory: 0x00007ffcd78d4f58 | 58 4f 8d d7 fc 7f 00 00
stack at sp + 7 slots: 0x00007ffcd759d134 jvm.dll


---------------  P R O C E S S  ---------------

Threads class SMR info:
_java_thread_list=0x0000016a78928af0, length=23, elements={
0x0000016a5dc54720, 0x0000016a5dd262d0, 0x0000016a5dd28540, 0x0000016a76617350,
0x0000016a76617e10, 0x0000016a76619070, 0x0000016a7661c320, 0x0000016a76628480,
0x0000016a76628d80, 0x0000016a76631e50, 0x0000016a7808bd50, 0x0000016a78094f00,
0x0000016a781624a0, 0x0000016a7889fd00, 0x0000016a788a01d0, 0x0000016a788792e0,
0x0000016a788797b0, 0x0000016a78879c80, 0x0000016a7887a150, 0x0000016a78895530,
0x0000016a78897bb0, 0x0000016a788ac8b0, 0x0000016a78929050
}

Java Threads: ( => current thread )
  0x0000016a5dc54720 JavaThread "main" [_thread_blocked, id=6172, stack(0x00000055ef700000,0x00000055ef800000)]
  0x0000016a5dd262d0 JavaThread "Reference Handler" daemon [_thread_blocked, id=15548, stack(0x00000055efa00000,0x00000055efb00000)]
  0x0000016a5dd28540 JavaThread "Finalizer" daemon [_thread_blocked, id=10292, stack(0x00000055efb00000,0x00000055efc00000)]
  0x0000016a76617350 JavaThread "Signal Dispatcher" daemon [_thread_blocked, id=18896, stack(0x00000055efc00000,0x00000055efd00000)]
  0x0000016a76617e10 JavaThread "Attach Listener" daemon [_thread_blocked, id=18760, stack(0x00000055efd00000,0x00000055efe00000)]
  0x0000016a76619070 JavaThread "Service Thread" daemon [_thread_blocked, id=10044, stack(0x00000055efe00000,0x00000055eff00000)]
  0x0000016a7661c320 JavaThread "Monitor Deflation Thread" daemon [_thread_blocked, id=2292, stack(0x00000055eff00000,0x00000055f0000000)]
  0x0000016a76628480 JavaThread "C2 CompilerThread0" daemon [_thread_blocked, id=19188, stack(0x00000055f0000000,0x00000055f0100000)]
  0x0000016a76628d80 JavaThread "C1 CompilerThread0" daemon [_thread_blocked, id=10124, stack(0x00000055f0100000,0x00000055f0200000)]
  0x0000016a76631e50 JavaThread "Sweeper thread" daemon [_thread_blocked, id=8224, stack(0x00000055f0200000,0x00000055f0300000)]
  0x0000016a7808bd50 JavaThread "Notification Thread" daemon [_thread_blocked, id=10332, stack(0x00000055f0300000,0x00000055f0400000)]
  0x0000016a78094f00 JavaThread "Common-Cleaner" daemon [_thread_blocked, id=16592, stack(0x00000055f0500000,0x00000055f0600000)]
  0x0000016a781624a0 JavaThread "ReaderThread" [_thread_in_native, id=11988, stack(0x00000055f0600000,0x00000055f0700000)]
  0x0000016a7889fd00 JavaThread "Thread-0" [_thread_in_Java, id=17644, stack(0x00000055f0700000,0x00000055f0800000)]
  0x0000016a788a01d0 JavaThread "Thread-1" [_thread_in_Java, id=3968, stack(0x00000055f0800000,0x00000055f0900000)]
  0x0000016a788792e0 JavaThread "Thread-2" [_thread_in_Java, id=5432, stack(0x00000055f0900000,0x00000055f0a00000)]
  0x0000016a788797b0 JavaThread "Thread-3" [_thread_in_Java, id=7916, stack(0x00000055f0a00000,0x00000055f0b00000)]
  0x0000016a78879c80 JavaThread "Thread-4" [_thread_in_Java, id=2440, stack(0x00000055f0b00000,0x00000055f0c00000)]
  0x0000016a7887a150 JavaThread "Thread-5" [_thread_in_vm, id=18756, stack(0x00000055f0c00000,0x00000055f0d00000)]
  0x0000016a78895530 JavaThread "Thread-6" [_thread_in_Java, id=12584, stack(0x00000055f0d00000,0x00000055f0e00000)]
  0x0000016a78897bb0 JavaThread "Thread-7" [_thread_in_Java, id=10400, stack(0x00000055f0e00000,0x00000055f0f00000)]
  0x0000016a788ac8b0 JavaThread "C2 CompilerThread1" daemon [_thread_blocked, id=18392, stack(0x00000055f0f00000,0x00000055f1000000)]
=>0x0000016a78929050 JavaThread "C2 CompilerThread2" daemon [_thread_in_native, id=2196, stack(0x00000055f1000000,0x00000055f1100000)]

Other Threads:
  0x0000016a76606a70 VMThread "VM Thread" [stack: 0x00000055ef900000,0x00000055efa00000] [id=17316]
  0x0000016a78090640 WatcherThread [stack: 0x00000055f0400000,0x00000055f0500000] [id=15080]
  0x0000016a5dc67de0 GCTaskThread "GC Thread#0" [stack: 0x00000055ef800000,0x00000055ef900000] [id=1860]

Threads with active compile tasks:
C2 CompilerThread2      850 1372       4       geometries.Cylinder::baseIntersection (73 bytes)

VM state: not at safepoint (normal execution)

VM Mutex/Monitor currently owned by a thread: None

Heap address: 0x00000000c0000000, size: 1024 MB, Compressed Oops mode: 32-bit

CDS archive(s) mapped at: [0x0000000800000000-0x0000000800bd0000-0x0000000800bd0000), size 12386304, SharedBaseAddress: 0x0000000800000000, ArchiveRelocationMode: 0.
Compressed class space mapped at: 0x0000000800c00000-0x0000000840c00000, reserved size: 1073741824
Narrow klass base: 0x0000000800000000, Narrow klass shift: 0, Narrow klass range: 0x100000000

GC Precious Log:
 CPUs: 8 total, 8 available
 Memory: 16147M
 Large Page Support: Disabled
 NUMA Support: Disabled
 Compressed Oops: Enabled (32-bit)
 Alignments: Space 512K, Generation 512K, Heap 2M
 Heap Min Capacity: 1G
 Heap Initial Capacity: 1G
 Heap Max Capacity: 1G
 Pre-touch: Disabled
 Parallel Workers: 4

Heap:
 PSYoungGen      total 305664K, used 157290K [0x00000000eab00000, 0x0000000100000000, 0x0000000100000000)
  eden space 262144K, 60% used [0x00000000eab00000,0x00000000f449a938,0x00000000fab00000)
  from space 43520K, 0% used [0x00000000fd580000,0x00000000fd580000,0x0000000100000000)
  to   space 43520K, 0% used [0x00000000fab00000,0x00000000fab00000,0x00000000fd580000)
 ParOldGen       total 699392K, used 0K [0x00000000c0000000, 0x00000000eab00000, 0x00000000eab00000)
  object space 699392K, 0% used [0x00000000c0000000,0x00000000c0000000,0x00000000eab00000)
 Metaspace       used 7251K, committed 7424K, reserved 1056768K
  class space    used 883K, committed 960K, reserved 1048576K

Card table byte_map: [0x0000016a5d620000,0x0000016a5d830000] _byte_map_base: 0x0000016a5d020000

Marking Bits: (ParMarkBitMap*) 0x00007ffcd7b395f0
 Begin Bits: [0x0000016a744e0000, 0x0000016a754e0000)
 End Bits:   [0x0000016a754e0000, 0x0000016a764e0000)

Polling page: 0x0000016a5bc60000

Metaspace:

Usage:
  Non-class:      6.22 MB used.
      Class:    883.01 KB used.
       Both:      7.08 MB used.

Virtual space:
  Non-class space:        8.00 MB reserved,       6.31 MB ( 79%) committed,  1 nodes.
      Class space:        1.00 GB reserved,     960.00 KB ( <1%) committed,  1 nodes.
             Both:        1.01 GB reserved,       7.25 MB ( <1%) committed. 

Chunk freelists:
   Non-Class:  960.00 KB
       Class:  3.01 MB
        Both:  3.95 MB

MaxMetaspaceSize: unlimited
CompressedClassSpaceSize: 1.00 GB
Initial GC threshold: 21.00 MB
Current GC threshold: 21.00 MB
CDS: on
MetaspaceReclaimPolicy: balanced
 - commit_granule_bytes: 65536.
 - commit_granule_words: 8192.
 - virtual_space_node_default_size: 1048576.
 - enlarge_chunks_in_place: 1.
 - new_chunks_are_fully_committed: 0.
 - uncommit_free_chunks: 1.
 - use_allocation_guard: 0.
 - handle_deallocations: 1.


Internal statistics:

num_allocs_failed_limit: 0.
num_arena_births: 136.
num_arena_deaths: 0.
num_vsnodes_births: 2.
num_vsnodes_deaths: 0.
num_space_committed: 116.
num_space_uncommitted: 0.
num_chunks_returned_to_freelist: 0.
num_chunks_taken_from_freelist: 318.
num_chunk_merges: 0.
num_chunk_splits: 177.
num_chunks_enlarged: 103.
num_purges: 0.
num_inconsistent_stats: 0.

CodeHeap 'non-profiled nmethods': size=120000Kb used=439Kb max_used=439Kb free=119560Kb
 bounds [0x0000016a6cfb0000, 0x0000016a6d220000, 0x0000016a744e0000]
CodeHeap 'profiled nmethods': size=120000Kb used=2651Kb max_used=2651Kb free=117348Kb
 bounds [0x0000016a654e0000, 0x0000016a65780000, 0x0000016a6ca10000]
CodeHeap 'non-nmethods': size=5760Kb used=1186Kb max_used=1201Kb free=4573Kb
 bounds [0x0000016a6ca10000, 0x0000016a6cc80000, 0x0000016a6cfb0000]
 total_blobs=1856 nmethods=1380 adapters=391
 compilation: enabled
              stopped_count=0, restarted_count=0
 full_count=0

Compilation events (20 events):
Event: 0.765 Thread 0x0000016a76628d80 nmethod 1348 0x0000016a65774610 code [0x0000016a657747c0, 0x0000016a65774988]
Event: 0.765 Thread 0x0000016a76628d80 1345       3       java.util.ImmutableCollections$AbstractImmutableList::iterator (13 bytes)
Event: 0.765 Thread 0x0000016a78929050 nmethod 1362 0x0000016a6d011b90 code [0x0000016a6d011d00, 0x0000016a6d011d98]
Event: 0.765 Thread 0x0000016a76628d80 nmethod 1345 0x0000016a65774a90 code [0x0000016a65774c40, 0x0000016a65774f68]
Event: 0.765 Thread 0x0000016a78929050 1363       4       java.util.LinkedList$ListItr::next (56 bytes)
Event: 0.766 Thread 0x0000016a76628d80 1367       3       primitives.Color::<init> (49 bytes)
Event: 0.766 Thread 0x0000016a76628d80 nmethod 1367 0x0000016a65775090 code [0x0000016a65775280, 0x0000016a65775728]
Event: 0.766 Thread 0x0000016a78929050 nmethod 1363 0x0000016a6d011e90 code [0x0000016a6d012000, 0x0000016a6d012118]
Event: 0.766 Thread 0x0000016a76628d80 1369       3       renderer.RayTracerBasic::findClosestIntersection (24 bytes)
Event: 0.766 Thread 0x0000016a78929050 1368       4       java.util.ImmutableCollections$List12::get (35 bytes)
Event: 0.766 Thread 0x0000016a76628d80 nmethod 1369 0x0000016a65775910 code [0x0000016a65775b00, 0x0000016a65775e58]
Event: 0.766 Thread 0x0000016a76628d80 1371       3       primitives.Color::add (106 bytes)
Event: 0.767 Thread 0x0000016a76628d80 nmethod 1371 0x0000016a65776010 code [0x0000016a657761c0, 0x0000016a65776488]
Event: 0.767 Thread 0x0000016a76628d80 1370       3       renderer.RayTracerBasic::traceRay (27 bytes)
Event: 0.767 Thread 0x0000016a78929050 nmethod 1368 0x0000016a6d012210 code [0x0000016a6d0123a0, 0x0000016a6d012468]
Event: 0.767 Thread 0x0000016a78929050 1364   !   4       java.util.ImmutableCollections$ListItr::next (34 bytes)
Event: 0.767 Thread 0x0000016a76628d80 nmethod 1370 0x0000016a65776690 code [0x0000016a657768a0, 0x0000016a65776d08]
Event: 0.768 Thread 0x0000016a78929050 nmethod 1364 0x0000016a6d012510 code [0x0000016a6d0126a0, 0x0000016a6d012798]
Event: 0.768 Thread 0x0000016a78929050 1372       4       geometries.Cylinder::baseIntersection (73 bytes)
Event: 0.776 Thread 0x0000016a788ac8b0 nmethod 1361 0x0000016a6d012910 code [0x0000016a6d012b20, 0x0000016a6d013578]

GC Heap History (0 events):
No events

Deoptimization events (20 events):
Event: 0.648 Thread 0x0000016a5dc54720 DEOPT PACKING pc=0x0000016a6cfffbb4 sp=0x00000055ef7fd210
Event: 0.649 Thread 0x0000016a5dc54720 DEOPT UNPACKING pc=0x0000016a6ca658a3 sp=0x00000055ef7fd198 mode 2
Event: 0.649 Thread 0x0000016a5dc54720 Uncommon trap: trap_request=0xffffffde fr.pc=0x0000016a6cfffbb4 relative=0x0000000000000114
Event: 0.649 Thread 0x0000016a5dc54720 Uncommon trap: reason=class_check action=maybe_recompile pc=0x0000016a6cfffbb4 method=jdk.internal.misc.Unsafe.allocateUninitializedArray(Ljava/lang/Class;I)Ljava/lang/Object; @ 51 c2
Event: 0.649 Thread 0x0000016a5dc54720 DEOPT PACKING pc=0x0000016a6cfffbb4 sp=0x00000055ef7fd020
Event: 0.649 Thread 0x0000016a5dc54720 DEOPT UNPACKING pc=0x0000016a6ca658a3 sp=0x00000055ef7fcfa8 mode 2
Event: 0.649 Thread 0x0000016a5dc54720 Uncommon trap: trap_request=0xffffffde fr.pc=0x0000016a6cfffbb4 relative=0x0000000000000114
Event: 0.649 Thread 0x0000016a5dc54720 Uncommon trap: reason=class_check action=maybe_recompile pc=0x0000016a6cfffbb4 method=jdk.internal.misc.Unsafe.allocateUninitializedArray(Ljava/lang/Class;I)Ljava/lang/Object; @ 51 c2
Event: 0.649 Thread 0x0000016a5dc54720 DEOPT PACKING pc=0x0000016a6cfffbb4 sp=0x00000055ef7fce00
Event: 0.649 Thread 0x0000016a5dc54720 DEOPT UNPACKING pc=0x0000016a6ca658a3 sp=0x00000055ef7fcd88 mode 2
Event: 0.703 Thread 0x0000016a5dc54720 DEOPT PACKING pc=0x0000016a65509e3e sp=0x00000055ef7fbe00
Event: 0.703 Thread 0x0000016a5dc54720 DEOPT UNPACKING pc=0x0000016a6ca663e3 sp=0x00000055ef7fb278 mode 0
Event: 0.708 Thread 0x0000016a5dc54720 Uncommon trap: trap_request=0xffffff45 fr.pc=0x0000016a6cfde1c8 relative=0x0000000000000048
Event: 0.708 Thread 0x0000016a5dc54720 Uncommon trap: reason=unstable_if action=reinterpret pc=0x0000016a6cfde1c8 method=java.lang.CharacterData.of(I)Ljava/lang/CharacterData; @ 4 c2
Event: 0.708 Thread 0x0000016a5dc54720 DEOPT PACKING pc=0x0000016a6cfde1c8 sp=0x00000055ef7fb760
Event: 0.708 Thread 0x0000016a5dc54720 DEOPT UNPACKING pc=0x0000016a6ca658a3 sp=0x00000055ef7fb700 mode 2
Event: 0.712 Thread 0x0000016a5dc54720 Uncommon trap: trap_request=0xffffff45 fr.pc=0x0000016a6cfb83e4 relative=0x0000000000000164
Event: 0.712 Thread 0x0000016a5dc54720 Uncommon trap: reason=unstable_if action=reinterpret pc=0x0000016a6cfb83e4 method=java.lang.String.hashCode()I @ 20 c2
Event: 0.712 Thread 0x0000016a5dc54720 DEOPT PACKING pc=0x0000016a6cfb83e4 sp=0x00000055ef7fbfd0
Event: 0.712 Thread 0x0000016a5dc54720 DEOPT UNPACKING pc=0x0000016a6ca658a3 sp=0x00000055ef7fbf60 mode 2

Classes unloaded (0 events):
No events

Classes redefined (0 events):
No events

Internal exceptions (20 events):
Event: 0.344 Thread 0x0000016a5dc54720 Exception <a 'java/lang/IncompatibleClassChangeError'{0x00000000ec28cc30}: Found class java.lang.Object, but interface was expected> (0x00000000ec28cc30) 
thrown [s\open\src\hotspot\share\interpreter\linkResolver.cpp, line 826]
Event: 0.347 Thread 0x0000016a5dc54720 Exception <a 'java/lang/NoSuchMethodError'{0x00000000ec2a5870}: 'java.lang.Object java.lang.invoke.DirectMethodHandle$Holder.invokeStatic(java.lang.Object, java.lang.Object, int)'> (0x00000000ec2a5870) 
thrown [s\open\src\hotspot\share\interpreter\linkResolver.cpp, line 759]
Event: 0.358 Thread 0x0000016a5dc54720 Exception <a 'java/lang/NoSuchMethodError'{0x00000000ec2f8438}: 'void java.lang.invoke.DirectMethodHandle$Holder.invokeSpecial(java.lang.Object, java.lang.Object, java.lang.Object, java.lang.Object, java.lang.Object)'> (0x00000000ec2f8438) 
thrown [s\open\src\hotspot\share\interpreter\linkResolver.cpp, line 759]
Event: 0.565 Thread 0x0000016a5dc54720 Exception <a 'java/lang/NoSuchMethodError'{0x00000000ec7cfbf8}: 'void java.lang.invoke.DirectMethodHandle$Holder.invokeInterface(java.lang.Object, java.lang.Object, java.lang.Object, java.lang.Object)'> (0x00000000ec7cfbf8) 
thrown [s\open\src\hotspot\share\interpreter\linkResolver.cpp, line 759]
Event: 0.566 Thread 0x0000016a5dc54720 Exception <a 'java/lang/IncompatibleClassChangeError'{0x00000000ec7d3520}: Found class java.lang.Object, but interface was expected> (0x00000000ec7d3520) 
thrown [s\open\src\hotspot\share\interpreter\linkResolver.cpp, line 826]
Event: 0.570 Thread 0x0000016a5dc54720 Exception <a 'java/lang/NoSuchMethodError'{0x00000000ec7f9238}: 'void java.lang.invoke.DirectMethodHandle$Holder.invokeStatic(java.lang.Object, java.lang.Object, java.lang.Object, java.lang.Object)'> (0x00000000ec7f9238) 
thrown [s\open\src\hotspot\share\interpreter\linkResolver.cpp, line 759]
Event: 0.581 Thread 0x0000016a5dc54720 Exception <a 'java/lang/NoSuchMethodError'{0x00000000ec849150}: 'int java.lang.invoke.DirectMethodHandle$Holder.invokeStatic(java.lang.Object, java.lang.Object, java.lang.Object, java.lang.Object)'> (0x00000000ec849150) 
thrown [s\open\src\hotspot\share\interpreter\linkResolver.cpp, line 759]
Event: 0.581 Thread 0x0000016a5dc54720 Exception <a 'java/lang/NoSuchMethodError'{0x00000000ec84cad0}: 'java.lang.Object java.lang.invoke.Invokers$Holder.invokeExact_MT(java.lang.Object, java.lang.Object, java.lang.Object, java.lang.Object, java.lang.Object, java.lang.Object)'> (0x00000000ec84cad0) 
thrown [s\open\src\hotspot\share\interpreter\linkResolver.cpp, line 759]
Event: 0.583 Thread 0x0000016a5dc54720 Exception <a 'java/lang/NoSuchMethodError'{0x00000000ec85c7f8}: 'int java.lang.invoke.DirectMethodHandle$Holder.invokeStatic(java.lang.Object, java.lang.Object, java.lang.Object, java.lang.Object, java.lang.Object)'> (0x00000000ec85c7f8) 
thrown [s\open\src\hotspot\share\interpreter\linkResolver.cpp, line 759]
Event: 0.593 Thread 0x0000016a5dc54720 Exception <a 'java/lang/NoSuchMethodError'{0x00000000ec89f240}: 'void java.lang.invoke.DirectMethodHandle$Holder.invokeStaticInit(java.lang.Object)'> (0x00000000ec89f240) 
thrown [s\open\src\hotspot\share\interpreter\linkResolver.cpp, line 759]
Event: 0.631 Thread 0x0000016a5dc54720 Exception <a 'java/lang/NoSuchMethodError'{0x00000000ec9e6c30}: 'int java.lang.invoke.DirectMethodHandle$Holder.invokeStaticInit(java.lang.Object, java.lang.Object)'> (0x00000000ec9e6c30) 
thrown [s\open\src\hotspot\share\interpreter\linkResolver.cpp, line 759]
Event: 0.659 Thread 0x0000016a5dc54720 Exception <a 'java/lang/NoSuchMethodError'{0x00000000ecad4a70}: 'java.lang.Object java.lang.invoke.DirectMethodHandle$Holder.newInvokeSpecial(java.lang.Object, java.lang.Object, java.lang.Object, java.lang.Object, java.lang.Object, java.lang.Object, java.lang.Object)'> (0x00000000ecad4a70) 
thrown [s\open\src\hotspot\share\interpreter\linkResolver.cpp, line 759]
Event: 0.660 Thread 0x0000016a5dc54720 Exception <a 'java/lang/NoSuchMethodError'{0x00000000ecad9628}: 'java.lang.Object java.lang.invoke.Invokers$Holder.linkToTargetMethod(java.lang.Object, java.lang.Object, java.lang.Object, java.lang.Object, java.lang.Object, java.lang.Object, java.lang.Object)'> (0x00000000ecad9628) 
thrown [s\open\src\hotspot\share\interpreter\linkResolver.cpp, line 759]
Event: 0.662 Thread 0x0000016a5dc54720 Exception <a 'java/lang/NoSuchMethodError'{0x00000000ecae8b20}: 'java.lang.Object java.lang.invoke.DirectMethodHandle$Holder.invokeInterface(java.lang.Object, java.lang.Object, java.lang.Object, java.lang.Object, java.lang.Object)'> (0x00000000ecae8b20) 
thrown [s\open\src\hotspot\share\interpreter\linkResolver.cpp, line 759]
Event: 0.662 Thread 0x0000016a5dc54720 Exception <a 'java/lang/IncompatibleClassChangeError'{0x00000000ecaec918}: Found class java.lang.Object, but interface was expected> (0x00000000ecaec918) 
thrown [s\open\src\hotspot\share\interpreter\linkResolver.cpp, line 826]
Event: 0.672 Thread 0x0000016a5dc54720 Exception <a 'java/lang/ClassNotFoundException'{0x00000000ecb1e518}: sun/awt/resources/spi/awtProvider> (0x00000000ecb1e518) 
thrown [s\open\src\hotspot\share\classfile\systemDictionary.cpp, line 256]
Event: 0.687 Thread 0x0000016a5dc54720 Exception <a 'java/io/FileNotFoundException'{0x00000000ecb5ddd8}> (0x00000000ecb5ddd8) 
thrown [s\open\src\hotspot\share\prims\jni.cpp, line 516]
Event: 0.692 Thread 0x0000016a5dc54720 Exception <a 'java/io/FileNotFoundException'{0x00000000ecb8b070}> (0x00000000ecb8b070) 
thrown [s\open\src\hotspot\share\prims\jni.cpp, line 516]
Event: 0.739 Thread 0x0000016a5dc54720 Exception <a 'java/lang/NoSuchMethodError'{0x00000000ecddcc00}: 'void java.lang.invoke.DirectMethodHandle$Holder.invokeSpecial(java.lang.Object, java.lang.Object, int, int)'> (0x00000000ecddcc00) 
thrown [s\open\src\hotspot\share\interpreter\linkResolver.cpp, line 759]
Event: 0.739 Thread 0x0000016a5dc54720 Exception <a 'java/lang/NoSuchMethodError'{0x00000000ecde2f40}: 'java.lang.Object java.lang.invoke.DirectMethodHandle$Holder.newInvokeSpecial(java.lang.Object, java.lang.Object, int, int)'> (0x00000000ecde2f40) 
thrown [s\open\src\hotspot\share\interpreter\linkResolver.cpp, line 759]

VM Operations (20 events):
Event: 0.060 Executing VM operation: HandshakeAllThreads
Event: 0.060 Executing VM operation: HandshakeAllThreads done
Event: 0.115 Executing VM operation: HandshakeAllThreads
Event: 0.115 Executing VM operation: HandshakeAllThreads done
Event: 0.156 Executing VM operation: HandshakeAllThreads
Event: 0.156 Executing VM operation: HandshakeAllThreads done
Event: 0.376 Executing VM operation: HandshakeAllThreads
Event: 0.376 Executing VM operation: HandshakeAllThreads done
Event: 0.386 Executing VM operation: HandshakeAllThreads
Event: 0.386 Executing VM operation: HandshakeAllThreads done
Event: 0.530 Executing VM operation: HandshakeAllThreads
Event: 0.530 Executing VM operation: HandshakeAllThreads done
Event: 0.543 Executing VM operation: HandshakeAllThreads
Event: 0.543 Executing VM operation: HandshakeAllThreads done
Event: 0.666 Executing VM operation: HandshakeAllThreads
Event: 0.666 Executing VM operation: HandshakeAllThreads done
Event: 0.673 Executing VM operation: ICBufferFull
Event: 0.673 Executing VM operation: ICBufferFull done
Event: 0.709 Executing VM operation: HandshakeAllThreads
Event: 0.709 Executing VM operation: HandshakeAllThreads done

Events (20 events):
Event: 0.735 loading class java/util/spi/ResourceBundleProvider
Event: 0.735 loading class java/util/spi/ResourceBundleProvider done
Event: 0.735 loading class sun/util/resources/LocaleData$LocaleDataResourceBundleProvider done
Event: 0.735 loading class sun/util/resources/LocaleData$CommonResourceBundleProvider done
Event: 0.735 loading class sun/util/resources/Bundles$2
Event: 0.735 loading class sun/util/resources/Bundles$2 done
Event: 0.736 loading class java/lang/InstantiationException
Event: 0.736 loading class java/lang/InstantiationException done
Event: 0.740 loading class java/util/LinkedList$ListItr
Event: 0.740 loading class java/util/LinkedList$ListItr done
Event: 0.740 Thread 0x0000016a7889fd00 Thread added: 0x0000016a7889fd00
Event: 0.740 Thread 0x0000016a788a01d0 Thread added: 0x0000016a788a01d0
Event: 0.741 Thread 0x0000016a788792e0 Thread added: 0x0000016a788792e0
Event: 0.741 Thread 0x0000016a788797b0 Thread added: 0x0000016a788797b0
Event: 0.741 Thread 0x0000016a78879c80 Thread added: 0x0000016a78879c80
Event: 0.741 Thread 0x0000016a7887a150 Thread added: 0x0000016a7887a150
Event: 0.741 Thread 0x0000016a78895530 Thread added: 0x0000016a78895530
Event: 0.741 Thread 0x0000016a78897bb0 Thread added: 0x0000016a78897bb0
Event: 0.752 Thread 0x0000016a788ac8b0 Thread added: 0x0000016a788ac8b0
Event: 0.764 Thread 0x0000016a78929050 Thread added: 0x0000016a78929050


Dynamic libraries:
0x00007ff731f50000 - 0x00007ff731f60000 	C:\Program Files\Java\jdk-17\bin\javaw.exe
0x00007ffd30550000 - 0x00007ffd30748000 	C:\Windows\SYSTEM32\ntdll.dll
0x00007ffd2f330000 - 0x00007ffd2f3ef000 	C:\Windows\System32\KERNEL32.DLL
0x00007ffd2e250000 - 0x00007ffd2e546000 	C:\Windows\System32\KERNELBASE.dll
0x00007ffd2de80000 - 0x00007ffd2df80000 	C:\Windows\System32\ucrtbase.dll
0x00007ffd261c0000 - 0x00007ffd261d8000 	C:\Program Files\Java\jdk-17\bin\jli.dll
0x00007ffd1c290000 - 0x00007ffd1c2ab000 	C:\Program Files\Java\jdk-17\bin\VCRUNTIME140.dll
0x00007ffd2e6f0000 - 0x00007ffd2e79f000 	C:\Windows\System32\ADVAPI32.dll
0x00007ffd30000000 - 0x00007ffd3009e000 	C:\Windows\System32\msvcrt.dll
0x00007ffd2f900000 - 0x00007ffd2f99c000 	C:\Windows\System32\sechost.dll
0x00007ffd2e5b0000 - 0x00007ffd2e6d6000 	C:\Windows\System32\RPCRT4.dll
0x00007ffd2f9d0000 - 0x00007ffd2fb6d000 	C:\Windows\System32\USER32.dll
0x00007ffd2e550000 - 0x00007ffd2e572000 	C:\Windows\System32\win32u.dll
0x00007ffd2f3f0000 - 0x00007ffd2f41c000 	C:\Windows\System32\GDI32.dll
0x00007ffd2df80000 - 0x00007ffd2e095000 	C:\Windows\System32\gdi32full.dll
0x00007ffd137e0000 - 0x00007ffd13a7a000 	C:\Windows\WinSxS\amd64_microsoft.windows.common-controls_6595b64144ccf1df_6.0.19041.1110_none_60b5254171f9507e\COMCTL32.dll
0x00007ffd2dcc0000 - 0x00007ffd2dd5d000 	C:\Windows\System32\msvcp_win.dll
0x00007ffd1d120000 - 0x00007ffd1d12a000 	C:\Windows\SYSTEM32\VERSION.dll
0x00007ffd2f9a0000 - 0x00007ffd2f9d0000 	C:\Windows\System32\IMM32.DLL
0x00007ffd26170000 - 0x00007ffd2617c000 	C:\Program Files\Java\jdk-17\bin\vcruntime140_1.dll
0x00007ffceefc0000 - 0x00007ffcef04e000 	C:\Program Files\Java\jdk-17\bin\msvcp140.dll
0x00007ffcd7020000 - 0x00007ffcd7bf7000 	C:\Program Files\Java\jdk-17\bin\server\jvm.dll
0x00007ffd2e6e0000 - 0x00007ffd2e6e8000 	C:\Windows\System32\PSAPI.DLL
0x00007ffd13610000 - 0x00007ffd13619000 	C:\Windows\SYSTEM32\WSOCK32.dll
0x00007ffd2f680000 - 0x00007ffd2f6eb000 	C:\Windows\System32\WS2_32.dll
0x00007ffd1b810000 - 0x00007ffd1b837000 	C:\Windows\SYSTEM32\WINMM.dll
0x00007ffd2c470000 - 0x00007ffd2c482000 	C:\Windows\SYSTEM32\kernel.appcore.dll
0x00007ffd26520000 - 0x00007ffd2652a000 	C:\Program Files\Java\jdk-17\bin\jimage.dll
0x00007ffd2c160000 - 0x00007ffd2c344000 	C:\Windows\SYSTEM32\DBGHELP.DLL
0x00007ffd1b7d0000 - 0x00007ffd1b804000 	C:\Windows\SYSTEM32\dbgcore.DLL
0x00007ffd2dc30000 - 0x00007ffd2dcb2000 	C:\Windows\System32\bcryptPrimitives.dll
0x00007ffd23550000 - 0x00007ffd23575000 	C:\Program Files\Java\jdk-17\bin\java.dll
0x00007ffcfecc0000 - 0x00007ffcfed97000 	C:\Program Files\Java\jdk-17\bin\jsvml.dll
0x00007ffd2ebe0000 - 0x00007ffd2f324000 	C:\Windows\System32\SHELL32.dll
0x00007ffd2b900000 - 0x00007ffd2c094000 	C:\Windows\SYSTEM32\windows.storage.dll
0x00007ffd2fca0000 - 0x00007ffd2fff4000 	C:\Windows\System32\combase.dll
0x00007ffd2d670000 - 0x00007ffd2d69e000 	C:\Windows\SYSTEM32\Wldp.dll
0x00007ffd2eb20000 - 0x00007ffd2ebcd000 	C:\Windows\System32\SHCORE.dll
0x00007ffd2f6f0000 - 0x00007ffd2f745000 	C:\Windows\System32\shlwapi.dll
0x00007ffd2db60000 - 0x00007ffd2db85000 	C:\Windows\SYSTEM32\profapi.dll
0x00007ffd0c830000 - 0x00007ffd0c849000 	C:\Program Files\Java\jdk-17\bin\net.dll
0x00007ffd25830000 - 0x00007ffd2593a000 	C:\Windows\SYSTEM32\WINHTTP.dll
0x00007ffd2d3d0000 - 0x00007ffd2d43a000 	C:\Windows\system32\mswsock.dll
0x00007ffd0c810000 - 0x00007ffd0c826000 	C:\Program Files\Java\jdk-17\bin\nio.dll
0x00007ffd0c780000 - 0x00007ffd0c798000 	C:\Program Files\Java\jdk-17\bin\zip.dll
0x00007ffd2d070000 - 0x00007ffd2d0ac000 	C:\Windows\SYSTEM32\IPHLPAPI.DLL
0x00007ffd2f420000 - 0x00007ffd2f428000 	C:\Windows\System32\NSI.dll
0x00007ffd22720000 - 0x00007ffd22737000 	C:\Windows\SYSTEM32\dhcpcsvc6.DLL
0x00007ffd22700000 - 0x00007ffd2271d000 	C:\Windows\SYSTEM32\dhcpcsvc.DLL
0x00007ffd2d0c0000 - 0x00007ffd2d18a000 	C:\Windows\SYSTEM32\DNSAPI.dll
0x00007ffd26350000 - 0x00007ffd26360000 	C:\Program Files\Java\jdk-17\bin\verify.dll
0x00007ffce7ae0000 - 0x00007ffce7c71000 	C:\Program Files\Java\jdk-17\bin\awt.dll
0x00007ffd2f430000 - 0x00007ffd2f4fd000 	C:\Windows\System32\OLEAUT32.dll
0x00007ffd2b030000 - 0x00007ffd2b0c1000 	C:\Windows\SYSTEM32\apphelp.dll

dbghelp: loaded successfully - version: 4.0.5 - missing functions: none
symbol engine: initialized successfully - sym options: 0x614 - pdb path: .;C:\Program Files\Java\jdk-17\bin;C:\Windows\SYSTEM32;C:\Windows\WinSxS\amd64_microsoft.windows.common-controls_6595b64144ccf1df_6.0.19041.1110_none_60b5254171f9507e;C:\Program Files\Java\jdk-17\bin\server

VM Arguments:
jvm_args: -Xms1G -Xmx1G -XX:+UseParallelGC -XX:ParallelGCThreads=4 -ea -Dfile.encoding=UTF-8 -XX:+ShowCodeDetailsInExceptionMessages 
java_command: org.eclipse.jdt.internal.junit.runner.RemoteTestRunner -version 3 -port 55327 -testLoaderClass org.eclipse.jdt.internal.junit5.runner.JUnit5TestLoader -loaderpluginname org.eclipse.jdt.junit5.runtime -classNames unittests.MiniProject1
java_class_path (initial): C:\Users\Dell\eclipse-workspace\ISE5783_5828_1115\bin;C:\Users\Dell\.p2\pool\plugins\junit-jupiter-api_5.9.2.jar;C:\Users\Dell\.p2\pool\plugins\junit-jupiter-engine_5.9.2.jar;C:\Users\Dell\.p2\pool\plugins\junit-jupiter-migrationsupport_5.9.2.jar;C:\Users\Dell\.p2\pool\plugins\junit-jupiter-params_5.9.2.jar;C:\Users\Dell\.p2\pool\plugins\junit-platform-commons_1.9.2.jar;C:\Users\Dell\.p2\pool\plugins\junit-platform-engine_1.9.2.jar;C:\Users\Dell\.p2\pool\plugins\junit-platform-launcher_1.9.2.jar;C:\Users\Dell\.p2\pool\plugins\junit-platform-runner_1.9.2.jar;C:\Users\Dell\.p2\pool\plugins\junit-platform-suite-api_1.9.2.jar;C:\Users\Dell\.p2\pool\plugins\junit-platform-suite-engine_1.9.2.jar;C:\Users\Dell\.p2\pool\plugins\junit-platform-suite-commons_1.9.2.jar;C:\Users\Dell\.p2\pool\plugins\junit-vintage-engine_5.9.2.jar;C:\Users\Dell\.p2\pool\plugins\org.opentest4j_1.2.0.jar;C:\Users\Dell\.p2\pool\plugins\org.apiguardian.api_1.1.2.jar;C:\Users\Dell\.p2\pool\plugins\org.junit_4.13.2.v20211018-1956.jar;C:\Users\Dell\.p2\pool\plugins\org.hamcrest.core_1.3.0.v20180420-1519.jar;C:\Users\Dell\eclipse\java-latest-released\eclipse\configuration\org.eclipse.osgi\226\0\.cp;C:\Users\Dell\eclipse\java-latest-released\eclipse\configuration\org.eclipse.osgi\525\0\.cp
Launcher Type: SUN_STANDARD

[Global flags]
     intx CICompilerCount                          = 4                                         {product} {ergonomic}
   size_t InitialHeapSize                          = 1073741824                                {product} {command line}
   size_t MaxHeapSize                              = 1073741824                                {product} {command line}
   size_t MaxNewSize                               = 357564416                                 {product} {ergonomic}
   size_t MinHeapDeltaBytes                        = 524288                                    {product} {ergonomic}
   size_t MinHeapSize                              = 1073741824                                {product} {command line}
   size_t NewSize                                  = 357564416                                 {product} {ergonomic}
    uintx NonNMethodCodeHeapSize                   = 5839372                                {pd product} {ergonomic}
    uintx NonProfiledCodeHeapSize                  = 122909434                              {pd product} {ergonomic}
   size_t OldSize                                  = 716177408                                 {product} {ergonomic}
     uint ParallelGCThreads                        = 4                                         {product} {command line}
    uintx ProfiledCodeHeapSize                     = 122909434                              {pd product} {ergonomic}
    uintx ReservedCodeCacheSize                    = 251658240                              {pd product} {ergonomic}
     bool SegmentedCodeCache                       = true                                      {product} {ergonomic}
     bool ShowCodeDetailsInExceptionMessages       = true                                   {manageable} {command line}
   size_t SoftMaxHeapSize                          = 1073741824                             {manageable} {ergonomic}
     bool UseCompressedClassPointers               = true                           {product lp64_product} {ergonomic}
     bool UseCompressedOops                        = true                           {product lp64_product} {ergonomic}
     bool UseLargePagesIndividualAllocation        = false                                  {pd product} {ergonomic}
     bool UseParallelGC                            = true                                      {product} {command line}

Logging:
Log output configuration:
 #0: stdout all=warning uptime,level,tags
 #1: stderr all=off uptime,level,tags

Environment Variables:
JAVA_HOME=C:\Program Files\Java\jdk-17
PATH=C:/Program Files/Java/jdk-17/bin/server;C:/Program Files/Java/jdk-17/bin;C:\Program Files\Common Files\Oracle\Java\javapath;C:\Program Files\Python310\Scripts\;C:\Program Files\Python310\;C:\Program Files (x86)\Python38-32\Scripts\;C:\Program Files (x86)\Python38-32\;C:\Program Files\Microsoft\jdk-11.0.12.7-hotspot\bin;C:\Windows\system32;C:\Windows;C:\Windows\System32\Wbem;C:\Windows\System32\WindowsPowerShell\v1.0\;C:\Windows\System32\OpenSSH\;C:\Program Files\Microsoft SQL Server\150\Tools\Binn\;C:\Program Files\Microsoft SQL Server\Client SDK\ODBC\170\Tools\Binn\;C:\Program Files\dotnet\;C:\Program Files\Java\jdk-17\bin;C:\Program Files\Git\cmd;C:\Program Files\nodejs\;C:\Users\Dell\AppData\Local\Microsoft\WindowsApps;C:\Users\Dell\.dotnet\tools;C:\assembly\fasm;C:\Users\Dell\AppData\Local\Programs\Microsoft VS Code\bin;C:\Users\Dell\AppData\Roaming\npm;;C:\Users\Dell\eclipse\java-latest-released\eclipse;
USERNAME=Dell
OS=Windows_NT
PROCESSOR_IDENTIFIER=Intel64 Family 6 Model 126 Stepping 5, GenuineIntel



---------------  S Y S T E M  ---------------

OS:
 Windows 10 , 64 bit Build 19041 (10.0.19041.3155)
OS uptime: 0 days 17:21 hours

CPU: total 8 (initial active 8) (4 cores per cpu, 2 threads per core) family 6 model 126 stepping 5 microcode 0xb2, cx8, cmov, fxsr, ht, mmx, 3dnowpref, sse, sse2, sse3, ssse3, sse4.1, sse4.2, popcnt, lzcnt, tsc, tscinvbit, avx, avx2, aes, erms, clmul, bmi1, bmi2, adx, avx512f, avx512dq, avx512cd, avx512bw, avx512vl, sha, fma, vzeroupper, avx512_vpopcntdq, avx512_vpclmulqdq, avx512_vaes, avx512_vnni, clflush, clflushopt, avx512_vbmi2, avx512_vbmi

Memory: 4k page, system-wide physical 16147M (5671M free)
TotalPageFile size 21523M (AvailPageFile size 3017M)
current process WorkingSet (physical memory assigned to process): 228M, peak: 228M
current process commit charge ("private bytes"): 1126M, peak: 1127M

vm_info: Java HotSpot(TM) 64-Bit Server VM (17.0.6+9-LTS-190) for windows-amd64 JRE (17.0.6+9-LTS-190), built on Dec  6 2022 15:53:54 by "mach5one" with MS VC++ 17.1 (VS2022)

END.
