#
# A fatal error has been detected by the Java Runtime Environment:
#
#  EXCEPTION_ACCESS_VIOLATION (0xc0000005) at pc=0x00007ffdbe52d422, pid=16328, tid=1124
#
# JRE version: Java(TM) SE Runtime Environment (17.0.6+9) (build 17.0.6+9-LTS-190)
# Java VM: Java HotSpot(TM) 64-Bit Server VM (17.0.6+9-LTS-190, mixed mode, sharing, tiered, compressed oops, compressed class ptrs, parallel gc, windows-amd64)
# Problematic frame:
# V  [jvm.dll+0x57d422]
#
# No core dump will be written. Minidumps are not enabled by default on client versions of Windows
#
# If you would like to submit a bug report, please visit:
#   https://bugreport.java.com/bugreport/crash.jsp
#

---------------  S U M M A R Y ------------

Command Line: -Xms1G -Xmx1G -XX:+UseParallelGC -XX:ParallelGCThreads=4 -ea -Dfile.encoding=UTF-8 -XX:+ShowCodeDetailsInExceptionMessages org.eclipse.jdt.internal.junit.runner.RemoteTestRunner -version 3 -port 49864 -testLoaderClass org.eclipse.jdt.internal.junit5.runner.JUnit5TestLoader -loaderpluginname org.eclipse.jdt.junit5.runtime -classNames unittests.MiniProject2

Host: Intel(R) Core(TM) i7-1065G7 CPU @ 1.30GHz, 8 cores, 15G,  Windows 10 , 64 bit Build 19041 (10.0.19041.3155)
Time: Sat Jul 29 22:11:20 2023  Windows 10 , 64 bit Build 19041 (10.0.19041.3155) elapsed time: 0.721802 seconds (0d 0h 0m 0s)

---------------  T H R E A D  ---------------

Current thread (0x0000029f64020ac0):  JavaThread "C2 CompilerThread2" daemon [_thread_in_native, id=1124, stack(0x000000b231c00000,0x000000b231d00000)]


Current CompileTask:
C2:    721 1386       4       geometries.Cylinder::baseIntersection (73 bytes)

Stack: [0x000000b231c00000,0x000000b231d00000],  sp=0x000000b231cfac30,  free space=1003k
Native frames: (J=compiled Java code, j=interpreted, Vv=VM code, C=native code)
V  [jvm.dll+0x57d422]
V  [jvm.dll+0x57d134]
V  [jvm.dll+0x57c388]
V  [jvm.dll+0x21e142]
V  [jvm.dll+0x2177c5]
V  [jvm.dll+0x215109]
V  [jvm.dll+0x1a1730]
V  [jvm.dll+0x224b6e]
V  [jvm.dll+0x222f15]
V  [jvm.dll+0x78753c]
V  [jvm.dll+0x781a7a]
V  [jvm.dll+0x672375]
C  [ucrtbase.dll+0x21bb2]
C  [KERNEL32.DLL+0x17614]
C  [ntdll.dll+0x526b1]


siginfo: EXCEPTION_ACCESS_VIOLATION (0xc0000005), reading address 0x0000000000000008


Register to memory mapping:

RIP=0x00007ffdbe52d422 jvm.dll
RAX=0x0000029f61dd0c90 points into unknown readable memory: 0x0000000000000000 | 00 00 00 00 00 00 00 00
RBX=0x0 is NULL
RCX=0x0 is NULL
RDX=0x000000b231cfb090 is pointing into the stack for thread: 0x0000029f64020ac0
RSP=0x000000b231cfac30 is pointing into the stack for thread: 0x0000029f64020ac0
RBP=0x0000029f63a98f68 points into unknown readable memory: 0x00007ffdbe8651d0 | d0 51 86 be fd 7f 00 00
RSI=0x0000029f63c84c30 points into unknown readable memory: 0x0000000000000000 | 00 00 00 00 00 00 00 00
RDI=0x000000b231cfb060 is pointing into the stack for thread: 0x0000029f64020ac0
R8 =0x0000029f61dd0c90 points into unknown readable memory: 0x0000000000000000 | 00 00 00 00 00 00 00 00
R9 =0x0000000000001000 is an unknown value
R10=0xfefefefefefefeff is an unknown value
R11=0x8080808080808080 is an unknown value
R12=0x000000b231cfad28 is pointing into the stack for thread: 0x0000029f64020ac0
R13=0x000000b231cfad00 is pointing into the stack for thread: 0x0000029f64020ac0
R14=0x0000029f63840bd8 points into unknown readable memory: 0x00007ffdbe860ad0 | d0 0a 86 be fd 7f 00 00
R15=0x0000029f63810898 points into unknown readable memory: 0x00007ffdbe7ff640 | 40 f6 7f be fd 7f 00 00


Registers:
RAX=0x0000029f61dd0c90, RBX=0x0000000000000000, RCX=0x0000000000000000, RDX=0x000000b231cfb090
RSP=0x000000b231cfac30, RBP=0x0000029f63a98f68, RSI=0x0000029f63c84c30, RDI=0x000000b231cfb060
R8 =0x0000029f61dd0c90, R9 =0x0000000000001000, R10=0xfefefefefefefeff, R11=0x8080808080808080
R12=0x000000b231cfad28, R13=0x000000b231cfad00, R14=0x0000029f63840bd8, R15=0x0000029f63810898
RIP=0x00007ffdbe52d422, EFLAGS=0x0000000000010283

Top of Stack: (sp=0x000000b231cfac30)
0x000000b231cfac30:   0000000000000010 0000029f63840fd0
0x000000b231cfac40:   0000029f63810898 000000000000001a
0x000000b231cfac50:   0000000000000001 000000b231cfad48
0x000000b231cfac60:   0000029f63840f78 00007ffdbe52d134
0x000000b231cfac70:   0000000000000010 0000000000000027
0x000000b231cfac80:   000000b231cfad28 0000029f63840bd8
0x000000b231cfac90:   0000029f640187c0 0000029f64018770
0x000000b231cfaca0:   0000029f640236b8 000000b231cfadd0
0x000000b231cfacb0:   0000029f493a0830 0000000000000000
0x000000b231cfacc0:   000000b231cfb060 00007ffdbe52c388
0x000000b231cfacd0:   000000b231cfb060 0000000000000001
0x000000b231cface0:   0000029f00000001 000000b231cfad48
0x000000b231cfacf0:   000000b231cfee90 00007ffdb70006b1
0x000000b231cfad00:   0000029f6401fff0 0000000000000080
0x000000b231cfad10:   0000029f63eec7b0 0000000000000028
0x000000b231cfad20:   0000000000000000 0000029f00000080 

Instructions: (pc=0x00007ffdbe52d422)
0x00007ffdbe52d322:   4a 0d 00 48 8b 47 30 48 c7 04 d8 00 00 00 00 48
0x00007ffdbe52d332:   83 c4 20 41 5e 5f 5b c3 49 8b d6 4c 89 7c 24 58
0x00007ffdbe52d342:   48 8b cf e8 26 c8 fe ff 45 33 c9 4c 8b c0 49 8b
0x00007ffdbe52d352:   d6 48 8b cf 4c 8b f8 e8 62 13 00 00 41 8b 4e 2c
0x00007ffdbe52d362:   48 8b d8 83 e1 3f 80 f9 30 75 19 49 3b c7 74 14
0x00007ffdbe52d372:   4c 8b c8 4d 8b c7 49 8b d6 48 8b cf e8 dd 3b 00
0x00007ffdbe52d382:   00 48 8b d8 48 89 74 24 48 48 85 db 75 55 41 8b
0x00007ffdbe52d392:   5e 28 3b 5f 28 72 0b 8b d3 48 8d 4f 20 e8 3c 4a
0x00007ffdbe52d3a2:   0d 00 48 8b 47 30 48 c7 04 d8 00 00 00 00 8b 9f
0x00007ffdbe52d3b2:   d0 09 00 00 8d 43 01 89 87 d0 09 00 00 3b 9f c0
0x00007ffdbe52d3c2:   09 00 00 72 0e 8b d3 48 8d 8f b8 09 00 00 e8 0b
0x00007ffdbe52d3d2:   4a 0d 00 48 8b 87 c8 09 00 00 4c 89 34 d8 e9 30
0x00007ffdbe52d3e2:   03 00 00 48 89 6c 24 40 48 8b eb 4c 3b fb 0f 84
0x00007ffdbe52d3f2:   75 02 00 00 44 8b 4f 28 48 8d 57 30 4c 89 64 24
0x00007ffdbe52d402:   50 0f 1f 40 00 66 0f 1f 84 00 00 00 00 00 8b 4b
0x00007ffdbe52d412:   28 48 8b 87 f8 09 00 00 48 8b 1c c8 4c 8d 04 c8
0x00007ffdbe52d422:   48 8b 43 08 48 83 38 00 75 2b 0f 1f 40 00 8b 43
0x00007ffdbe52d432:   28 41 3b c1 73 0b 8b c8 48 8b 02 48 8b 1c c8 eb
0x00007ffdbe52d442:   02 33 db 48 83 e3 fe 48 8d 57 30 48 8b 43 08 48
0x00007ffdbe52d452:   83 38 00 74 d9 49 89 18 8b 43 28 3b 47 28 73 0f
0x00007ffdbe52d462:   8b c8 48 8b 47 30 48 8b 34 c8 48 85 f6 75 07 48
0x00007ffdbe52d472:   8b b7 90 09 00 00 48 85 ed 75 24 4c 8d 0d 2c e1
0x00007ffdbe52d482:   36 00 ba b0 03 00 00 4c 8d 05 30 e1 36 00 48 8d
0x00007ffdbe52d492:   0d a9 ee 35 00 e8 14 5e cc ff e8 bf 5b 0f 00 8b
0x00007ffdbe52d4a2:   45 28 44 8b 4f 28 41 3b c1 73 13 8b c8 48 8d 57
0x00007ffdbe52d4b2:   30 48 8b 47 30 4c 8b 04 c8 4d 85 c0 75 0b 4c 8b
0x00007ffdbe52d4c2:   87 90 09 00 00 48 8d 57 30 41 0f b7 40 58 48 8b
0x00007ffdbe52d4d2:   cb 66 39 46 58 48 0f 43 cd 48 8b e9 4c 3b fb 0f
0x00007ffdbe52d4e2:   85 29 ff ff ff 49 3b cf 0f 84 76 01 00 00 8b 41
0x00007ffdbe52d4f2:   2c 48 8b f1 24 0f 3c 08 75 68 0f 1f 40 00 33 d2
0x00007ffdbe52d502:   48 8b ce e8 46 4b 0c 00 48 85 c0 74 55 48 8b c8
0x00007ffdbe52d512:   e8 59 d3 c2 ff 85 c0 79 49 f7 d0 c1 f8 03 83 e0 


Stack slot to memory mapping:
stack at sp + 0 slots: 0x0000000000000010 is an unknown value
stack at sp + 1 slots: 0x0000029f63840fd0 points into unknown readable memory: 0x0000029f63841090 | 90 10 84 63 9f 02 00 00
stack at sp + 2 slots: 0x0000029f63810898 points into unknown readable memory: 0x00007ffdbe7ff640 | 40 f6 7f be fd 7f 00 00
stack at sp + 3 slots: 0x000000000000001a is an unknown value
stack at sp + 4 slots: 0x0000000000000001 is an unknown value
stack at sp + 5 slots: 0x000000b231cfad48 is pointing into the stack for thread: 0x0000029f64020ac0
stack at sp + 6 slots: 0x0000029f63840f78 points into unknown readable memory: 0x00007ffdbe864f58 | 58 4f 86 be fd 7f 00 00
stack at sp + 7 slots: 0x00007ffdbe52d134 jvm.dll


---------------  P R O C E S S  ---------------

Threads class SMR info:
_java_thread_list=0x0000029f6410fc00, length=18, elements={
0x0000029f493b1ab0, 0x0000029f4948cbe0, 0x0000029f4948de40, 0x0000029f61d7ab10,
0x0000029f61d7b5d0, 0x0000029f61d7c830, 0x0000029f61d84100, 0x0000029f61d8d390,
0x0000029f61d8a420, 0x0000029f61d8b500, 0x0000029f63871460, 0x0000029f63871930,
0x0000029f6386df70, 0x0000029f6406c870, 0x0000029f6386fc50, 0x0000029f6386e440,
0x0000029f6386f2b0, 0x0000029f64020ac0
}

Java Threads: ( => current thread )
  0x0000029f493b1ab0 JavaThread "main" [_thread_blocked, id=16100, stack(0x000000b230800000,0x000000b230900000)]
  0x0000029f4948cbe0 JavaThread "Reference Handler" daemon [_thread_blocked, id=16112, stack(0x000000b230b00000,0x000000b230c00000)]
  0x0000029f4948de40 JavaThread "Finalizer" daemon [_thread_blocked, id=16116, stack(0x000000b230c00000,0x000000b230d00000)]
  0x0000029f61d7ab10 JavaThread "Signal Dispatcher" daemon [_thread_blocked, id=16056, stack(0x000000b230d00000,0x000000b230e00000)]
  0x0000029f61d7b5d0 JavaThread "Attach Listener" daemon [_thread_blocked, id=10812, stack(0x000000b230e00000,0x000000b230f00000)]
  0x0000029f61d7c830 JavaThread "Service Thread" daemon [_thread_blocked, id=12044, stack(0x000000b230f00000,0x000000b231000000)]
  0x0000029f61d84100 JavaThread "Monitor Deflation Thread" daemon [_thread_blocked, id=2772, stack(0x000000b231000000,0x000000b231100000)]
  0x0000029f61d8d390 JavaThread "C2 CompilerThread0" daemon [_thread_in_native, id=7460, stack(0x000000b231100000,0x000000b231200000)]
  0x0000029f61d8a420 JavaThread "C1 CompilerThread0" daemon [_thread_blocked, id=2132, stack(0x000000b231200000,0x000000b231300000)]
  0x0000029f61d8b500 JavaThread "Sweeper thread" daemon [_thread_blocked, id=15372, stack(0x000000b231300000,0x000000b231400000)]
  0x0000029f63871460 JavaThread "Notification Thread" daemon [_thread_blocked, id=13024, stack(0x000000b231400000,0x000000b231500000)]
  0x0000029f63871930 JavaThread "Common-Cleaner" daemon [_thread_blocked, id=12076, stack(0x000000b231600000,0x000000b231700000)]
  0x0000029f6386df70 JavaThread "ReaderThread" [_thread_in_native, id=15556, stack(0x000000b231700000,0x000000b231800000)]
  0x0000029f6406c870 JavaThread "C2 CompilerThread1" daemon [_thread_in_native, id=684, stack(0x000000b231800000,0x000000b231900000)]
  0x0000029f6386fc50 JavaThread "Thread-0" [_thread_in_Java, id=84, stack(0x000000b231900000,0x000000b231a00000)]
  0x0000029f6386e440 JavaThread "Thread-1" [_thread_in_Java, id=12776, stack(0x000000b231a00000,0x000000b231b00000)]
  0x0000029f6386f2b0 JavaThread "Thread-2" [_thread_in_Java, id=1120, stack(0x000000b231b00000,0x000000b231c00000)]
=>0x0000029f64020ac0 JavaThread "C2 CompilerThread2" daemon [_thread_in_native, id=1124, stack(0x000000b231c00000,0x000000b231d00000)]

Other Threads:
  0x0000029f61d66310 VMThread "VM Thread" [stack: 0x000000b230a00000,0x000000b230b00000] [id=16060]
  0x0000029f63876180 WatcherThread [stack: 0x000000b231500000,0x000000b231600000] [id=10116]
  0x0000029f493c9e00 GCTaskThread "GC Thread#0" [stack: 0x000000b230900000,0x000000b230a00000] [id=16108]

Threads with active compile tasks:
C2 CompilerThread0      795 1414       4       primitives.Color::getColor (77 bytes)
C2 CompilerThread1      796 1412       4       java.awt.image.DirectColorModel::getDataElements (928 bytes)
C2 CompilerThread2      796 1386       4       geometries.Cylinder::baseIntersection (73 bytes)

VM state: not at safepoint (normal execution)

VM Mutex/Monitor currently owned by a thread: None

Heap address: 0x00000000c0000000, size: 1024 MB, Compressed Oops mode: 32-bit

CDS archive(s) mapped at: [0x0000000800000000-0x0000000800bd0000-0x0000000800bd0000), size 12386304, SharedBaseAddress: 0x0000000800000000, ArchiveRelocationMode: 0.
Compressed class space mapped at: 0x0000000800c00000-0x0000000840c00000, reserved size: 1073741824
Narrow klass base: 0x0000000800000000, Narrow klass shift: 0, Narrow klass range: 0x100000000

GC Precious Log:
 CPUs: 8 total, 8 available
 Memory: 16147M
 Large Page Support: Disabled
 NUMA Support: Disabled
 Compressed Oops: Enabled (32-bit)
 Alignments: Space 512K, Generation 512K, Heap 2M
 Heap Min Capacity: 1G
 Heap Initial Capacity: 1G
 Heap Max Capacity: 1G
 Pre-touch: Disabled
 Parallel Workers: 4

Heap:
 PSYoungGen      total 305664K, used 141561K [0x00000000eab00000, 0x0000000100000000, 0x0000000100000000)
  eden space 262144K, 54% used [0x00000000eab00000,0x00000000f353e658,0x00000000fab00000)
  from space 43520K, 0% used [0x00000000fd580000,0x00000000fd580000,0x0000000100000000)
  to   space 43520K, 0% used [0x00000000fab00000,0x00000000fab00000,0x00000000fd580000)
 ParOldGen       total 699392K, used 0K [0x00000000c0000000, 0x00000000eab00000, 0x00000000eab00000)
  object space 699392K, 0% used [0x00000000c0000000,0x00000000c0000000,0x00000000eab00000)
 Metaspace       used 7273K, committed 7424K, reserved 1056768K
  class space    used 882K, committed 960K, reserved 1048576K

Card table byte_map: [0x0000029f48da0000,0x0000029f48fb0000] _byte_map_base: 0x0000029f487a0000

Marking Bits: (ParMarkBitMap*) 0x00007ffdbeac95f0
 Begin Bits: [0x0000029f5fc40000, 0x0000029f60c40000)
 End Bits:   [0x0000029f60c40000, 0x0000029f61c40000)

Polling page: 0x0000029f48b90000

Metaspace:

Usage:
  Non-class:      6.24 MB used.
      Class:    882.38 KB used.
       Both:      7.10 MB used.

Virtual space:
  Non-class space:        8.00 MB reserved,       6.31 MB ( 79%) committed,  1 nodes.
      Class space:        1.00 GB reserved,     960.00 KB ( <1%) committed,  1 nodes.
             Both:        1.01 GB reserved,       7.25 MB ( <1%) committed. 

Chunk freelists:
   Non-Class:  960.00 KB
       Class:  3.01 MB
        Both:  3.95 MB

MaxMetaspaceSize: unlimited
CompressedClassSpaceSize: 1.00 GB
Initial GC threshold: 21.00 MB
Current GC threshold: 21.00 MB
CDS: on
MetaspaceReclaimPolicy: balanced
 - commit_granule_bytes: 65536.
 - commit_granule_words: 8192.
 - virtual_space_node_default_size: 1048576.
 - enlarge_chunks_in_place: 1.
 - new_chunks_are_fully_committed: 0.
 - uncommit_free_chunks: 1.
 - use_allocation_guard: 0.
 - handle_deallocations: 1.


Internal statistics:

num_allocs_failed_limit: 0.
num_arena_births: 136.
num_arena_deaths: 0.
num_vsnodes_births: 2.
num_vsnodes_deaths: 0.
num_space_committed: 116.
num_space_uncommitted: 0.
num_chunks_returned_to_freelist: 0.
num_chunks_taken_from_freelist: 320.
num_chunk_merges: 0.
num_chunk_splits: 176.
num_chunks_enlarged: 102.
num_purges: 0.
num_inconsistent_stats: 0.

CodeHeap 'non-profiled nmethods': size=120000Kb used=464Kb max_used=464Kb free=119535Kb
 bounds [0x0000029f58710000, 0x0000029f58980000, 0x0000029f5fc40000]
CodeHeap 'profiled nmethods': size=120000Kb used=2684Kb max_used=2684Kb free=117315Kb
 bounds [0x0000029f50c40000, 0x0000029f50ee0000, 0x0000029f58170000]
CodeHeap 'non-nmethods': size=5760Kb used=1186Kb max_used=1206Kb free=4574Kb
 bounds [0x0000029f58170000, 0x0000029f583e0000, 0x0000029f58710000]
 total_blobs=1889 nmethods=1412 adapters=392
 compilation: enabled
              stopped_count=0, restarted_count=0
 full_count=0

Compilation events (20 events):
Event: 0.697 Thread 0x0000029f61d8a420 1389       3       primitives.Ray::<init> (18 bytes)
Event: 0.697 Thread 0x0000029f61d8a420 nmethod 1389 0x0000029f50ed7090 code [0x0000029f50ed7240, 0x0000029f50ed7428]
Event: 0.697 Thread 0x0000029f61d8a420 1390       3       renderer.Camera::castRay (87 bytes)
Event: 0.697 Thread 0x0000029f64020ac0 nmethod 1385 0x0000029f58774b10 code [0x0000029f58774c80, 0x0000029f58774d38]
Event: 0.697 Thread 0x0000029f64020ac0 1360       4       primitives.Point::distanceSquared (96 bytes)
Event: 0.698 Thread 0x0000029f61d8a420 nmethod 1390 0x0000029f50ed7510 code [0x0000029f50ed77c0, 0x0000029f50ed80c8]
Event: 0.698 Thread 0x0000029f61d8a420 1391       3       renderer.Camera::constructRay (36 bytes)
Event: 0.698 Thread 0x0000029f64020ac0 nmethod 1360 0x0000029f58774e10 code [0x0000029f58774f80, 0x0000029f58775058]
Event: 0.698 Thread 0x0000029f64020ac0 1386       4       geometries.Cylinder::baseIntersection (73 bytes)
Event: 0.699 Thread 0x0000029f61d8a420 nmethod 1391 0x0000029f50ed8690 code [0x0000029f50ed88c0, 0x0000029f50ed9008]
Event: 0.699 Thread 0x0000029f61d8a420 1392       3       renderer.Camera::findPixelLocation (123 bytes)
Event: 0.699 Thread 0x0000029f61d8a420 nmethod 1392 0x0000029f50ed9390 code [0x0000029f50ed95e0, 0x0000029f50ed9db8]
Event: 0.699 Thread 0x0000029f61d8a420 1393       3       renderer.RayTracerBasic::findClosestIntersection (24 bytes)
Event: 0.700 Thread 0x0000029f61d8a420 nmethod 1393 0x0000029f50eda110 code [0x0000029f50eda300, 0x0000029f50eda658]
Event: 0.700 Thread 0x0000029f61d8a420 1394       3       renderer.RayTracerBasic::traceRay (27 bytes)
Event: 0.700 Thread 0x0000029f61d8a420 nmethod 1394 0x0000029f50eda810 code [0x0000029f50edaa20, 0x0000029f50edae88]
Event: 0.700 Thread 0x0000029f61d8a420 1395   !   3       renderer.PixelManager::pixelDone (103 bytes)
Event: 0.701 Thread 0x0000029f61d8a420 nmethod 1395 0x0000029f50edb110 code [0x0000029f50edb320, 0x0000029f50edbb68]
Event: 0.702 Thread 0x0000029f6406c870 nmethod 1367 0x0000029f58775110 code [0x0000029f58775320, 0x0000029f58775d78]
Event: 0.702 Thread 0x0000029f6406c870 1396       4       java.util.LinkedList::listIterator (15 bytes)

GC Heap History (0 events):
No events

Deoptimization events (20 events):
Event: 0.590 Thread 0x0000029f493b1ab0 Uncommon trap: trap_request=0xffffffde fr.pc=0x0000029f587615b4 relative=0x0000000000000114
Event: 0.590 Thread 0x0000029f493b1ab0 Uncommon trap: reason=class_check action=maybe_recompile pc=0x0000029f587615b4 method=jdk.internal.misc.Unsafe.allocateUninitializedArray(Ljava/lang/Class;I)Ljava/lang/Object; @ 51 c2
Event: 0.590 Thread 0x0000029f493b1ab0 DEOPT PACKING pc=0x0000029f587615b4 sp=0x000000b2308fccb0
Event: 0.590 Thread 0x0000029f493b1ab0 DEOPT UNPACKING pc=0x0000029f581c58a3 sp=0x000000b2308fcc38 mode 2
Event: 0.590 Thread 0x0000029f493b1ab0 Uncommon trap: trap_request=0xffffffde fr.pc=0x0000029f587615b4 relative=0x0000000000000114
Event: 0.590 Thread 0x0000029f493b1ab0 Uncommon trap: reason=class_check action=maybe_recompile pc=0x0000029f587615b4 method=jdk.internal.misc.Unsafe.allocateUninitializedArray(Ljava/lang/Class;I)Ljava/lang/Object; @ 51 c2
Event: 0.590 Thread 0x0000029f493b1ab0 DEOPT PACKING pc=0x0000029f587615b4 sp=0x000000b2308fcc60
Event: 0.590 Thread 0x0000029f493b1ab0 DEOPT UNPACKING pc=0x0000029f581c58a3 sp=0x000000b2308fcbe8 mode 2
Event: 0.599 Thread 0x0000029f493b1ab0 DEOPT PACKING pc=0x0000029f50e01ffe sp=0x000000b2308fbde0
Event: 0.599 Thread 0x0000029f493b1ab0 DEOPT UNPACKING pc=0x0000029f581c63e3 sp=0x000000b2308fb250 mode 0
Event: 0.640 Thread 0x0000029f493b1ab0 DEOPT PACKING pc=0x0000029f50c6863e sp=0x000000b2308fbe90
Event: 0.640 Thread 0x0000029f493b1ab0 DEOPT UNPACKING pc=0x0000029f581c63e3 sp=0x000000b2308fb308 mode 0
Event: 0.643 Thread 0x0000029f493b1ab0 Uncommon trap: trap_request=0xffffff45 fr.pc=0x0000029f5873f1c8 relative=0x0000000000000048
Event: 0.643 Thread 0x0000029f493b1ab0 Uncommon trap: reason=unstable_if action=reinterpret pc=0x0000029f5873f1c8 method=java.lang.CharacterData.of(I)Ljava/lang/CharacterData; @ 4 c2
Event: 0.643 Thread 0x0000029f493b1ab0 DEOPT PACKING pc=0x0000029f5873f1c8 sp=0x000000b2308fb7f0
Event: 0.643 Thread 0x0000029f493b1ab0 DEOPT UNPACKING pc=0x0000029f581c58a3 sp=0x000000b2308fb790 mode 2
Event: 0.644 Thread 0x0000029f493b1ab0 Uncommon trap: trap_request=0xffffff45 fr.pc=0x0000029f587161e4 relative=0x0000000000000164
Event: 0.644 Thread 0x0000029f493b1ab0 Uncommon trap: reason=unstable_if action=reinterpret pc=0x0000029f587161e4 method=java.lang.String.hashCode()I @ 20 c2
Event: 0.644 Thread 0x0000029f493b1ab0 DEOPT PACKING pc=0x0000029f587161e4 sp=0x000000b2308fc060
Event: 0.644 Thread 0x0000029f493b1ab0 DEOPT UNPACKING pc=0x0000029f581c58a3 sp=0x000000b2308fbff0 mode 2

Classes unloaded (0 events):
No events

Classes redefined (0 events):
No events

Internal exceptions (20 events):
Event: 0.334 Thread 0x0000029f493b1ab0 Exception <a 'java/lang/IncompatibleClassChangeError'{0x00000000ec28d560}: Found class java.lang.Object, but interface was expected> (0x00000000ec28d560) 
thrown [s\open\src\hotspot\share\interpreter\linkResolver.cpp, line 826]
Event: 0.336 Thread 0x0000029f493b1ab0 Exception <a 'java/lang/NoSuchMethodError'{0x00000000ec2a61a0}: 'java.lang.Object java.lang.invoke.DirectMethodHandle$Holder.invokeStatic(java.lang.Object, java.lang.Object, int)'> (0x00000000ec2a61a0) 
thrown [s\open\src\hotspot\share\interpreter\linkResolver.cpp, line 759]
Event: 0.346 Thread 0x0000029f493b1ab0 Exception <a 'java/lang/NoSuchMethodError'{0x00000000ec2f8d68}: 'void java.lang.invoke.DirectMethodHandle$Holder.invokeSpecial(java.lang.Object, java.lang.Object, java.lang.Object, java.lang.Object, java.lang.Object)'> (0x00000000ec2f8d68) 
thrown [s\open\src\hotspot\share\interpreter\linkResolver.cpp, line 759]
Event: 0.529 Thread 0x0000029f493b1ab0 Exception <a 'java/lang/NoSuchMethodError'{0x00000000ec7d0410}: 'void java.lang.invoke.DirectMethodHandle$Holder.invokeInterface(java.lang.Object, java.lang.Object, java.lang.Object, java.lang.Object)'> (0x00000000ec7d0410) 
thrown [s\open\src\hotspot\share\interpreter\linkResolver.cpp, line 759]
Event: 0.529 Thread 0x0000029f493b1ab0 Exception <a 'java/lang/IncompatibleClassChangeError'{0x00000000ec7d3d38}: Found class java.lang.Object, but interface was expected> (0x00000000ec7d3d38) 
thrown [s\open\src\hotspot\share\interpreter\linkResolver.cpp, line 826]
Event: 0.533 Thread 0x0000029f493b1ab0 Exception <a 'java/lang/NoSuchMethodError'{0x00000000ec7f9a50}: 'void java.lang.invoke.DirectMethodHandle$Holder.invokeStatic(java.lang.Object, java.lang.Object, java.lang.Object, java.lang.Object)'> (0x00000000ec7f9a50) 
thrown [s\open\src\hotspot\share\interpreter\linkResolver.cpp, line 759]
Event: 0.539 Thread 0x0000029f493b1ab0 Exception <a 'java/lang/NoSuchMethodError'{0x00000000ec849968}: 'int java.lang.invoke.DirectMethodHandle$Holder.invokeStatic(java.lang.Object, java.lang.Object, java.lang.Object, java.lang.Object)'> (0x00000000ec849968) 
thrown [s\open\src\hotspot\share\interpreter\linkResolver.cpp, line 759]
Event: 0.539 Thread 0x0000029f493b1ab0 Exception <a 'java/lang/NoSuchMethodError'{0x00000000ec84d2e8}: 'java.lang.Object java.lang.invoke.Invokers$Holder.invokeExact_MT(java.lang.Object, java.lang.Object, java.lang.Object, java.lang.Object, java.lang.Object, java.lang.Object)'> (0x00000000ec84d2e8) 
thrown [s\open\src\hotspot\share\interpreter\linkResolver.cpp, line 759]
Event: 0.541 Thread 0x0000029f493b1ab0 Exception <a 'java/lang/NoSuchMethodError'{0x00000000ec85d010}: 'int java.lang.invoke.DirectMethodHandle$Holder.invokeStatic(java.lang.Object, java.lang.Object, java.lang.Object, java.lang.Object, java.lang.Object)'> (0x00000000ec85d010) 
thrown [s\open\src\hotspot\share\interpreter\linkResolver.cpp, line 759]
Event: 0.548 Thread 0x0000029f493b1ab0 Exception <a 'java/lang/NoSuchMethodError'{0x00000000ec89fa58}: 'void java.lang.invoke.DirectMethodHandle$Holder.invokeStaticInit(java.lang.Object)'> (0x00000000ec89fa58) 
thrown [s\open\src\hotspot\share\interpreter\linkResolver.cpp, line 759]
Event: 0.577 Thread 0x0000029f493b1ab0 Exception <a 'java/lang/NoSuchMethodError'{0x00000000ec9e73f8}: 'int java.lang.invoke.DirectMethodHandle$Holder.invokeStaticInit(java.lang.Object, java.lang.Object)'> (0x00000000ec9e73f8) 
thrown [s\open\src\hotspot\share\interpreter\linkResolver.cpp, line 759]
Event: 0.604 Thread 0x0000029f493b1ab0 Exception <a 'java/lang/NoSuchMethodError'{0x00000000ecad24e0}: 'java.lang.Object java.lang.invoke.DirectMethodHandle$Holder.newInvokeSpecial(java.lang.Object, java.lang.Object, java.lang.Object, java.lang.Object, java.lang.Object, java.lang.Object, java.lang.Object)'> (0x00000000ecad24e0) 
thrown [s\open\src\hotspot\share\interpreter\linkResolver.cpp, line 759]
Event: 0.604 Thread 0x0000029f493b1ab0 Exception <a 'java/lang/NoSuchMethodError'{0x00000000ecad7098}: 'java.lang.Object java.lang.invoke.Invokers$Holder.linkToTargetMethod(java.lang.Object, java.lang.Object, java.lang.Object, java.lang.Object, java.lang.Object, java.lang.Object, java.lang.Object)'> (0x00000000ecad7098) 
thrown [s\open\src\hotspot\share\interpreter\linkResolver.cpp, line 759]
Event: 0.606 Thread 0x0000029f493b1ab0 Exception <a 'java/lang/NoSuchMethodError'{0x00000000ecae6590}: 'java.lang.Object java.lang.invoke.DirectMethodHandle$Holder.invokeInterface(java.lang.Object, java.lang.Object, java.lang.Object, java.lang.Object, java.lang.Object)'> (0x00000000ecae6590) 
thrown [s\open\src\hotspot\share\interpreter\linkResolver.cpp, line 759]
Event: 0.607 Thread 0x0000029f493b1ab0 Exception <a 'java/lang/IncompatibleClassChangeError'{0x00000000ecaea388}: Found class java.lang.Object, but interface was expected> (0x00000000ecaea388) 
thrown [s\open\src\hotspot\share\interpreter\linkResolver.cpp, line 826]
Event: 0.615 Thread 0x0000029f493b1ab0 Exception <a 'java/lang/ClassNotFoundException'{0x00000000ecb1c0e0}: sun/awt/resources/spi/awtProvider> (0x00000000ecb1c0e0) 
thrown [s\open\src\hotspot\share\classfile\systemDictionary.cpp, line 256]
Event: 0.627 Thread 0x0000029f493b1ab0 Exception <a 'java/io/FileNotFoundException'{0x00000000ecb5b9a0}> (0x00000000ecb5b9a0) 
thrown [s\open\src\hotspot\share\prims\jni.cpp, line 516]
Event: 0.631 Thread 0x0000029f493b1ab0 Exception <a 'java/io/FileNotFoundException'{0x00000000ecb88c38}> (0x00000000ecb88c38) 
thrown [s\open\src\hotspot\share\prims\jni.cpp, line 516]
Event: 0.665 Thread 0x0000029f493b1ab0 Exception <a 'java/lang/NoSuchMethodError'{0x00000000ecdda740}: 'void java.lang.invoke.DirectMethodHandle$Holder.invokeSpecial(java.lang.Object, java.lang.Object, int, int)'> (0x00000000ecdda740) 
thrown [s\open\src\hotspot\share\interpreter\linkResolver.cpp, line 759]
Event: 0.665 Thread 0x0000029f493b1ab0 Exception <a 'java/lang/NoSuchMethodError'{0x00000000ecde0a80}: 'java.lang.Object java.lang.invoke.DirectMethodHandle$Holder.newInvokeSpecial(java.lang.Object, java.lang.Object, int, int)'> (0x00000000ecde0a80) 
thrown [s\open\src\hotspot\share\interpreter\linkResolver.cpp, line 759]

VM Operations (20 events):
Event: 0.072 Executing VM operation: HandshakeAllThreads
Event: 0.072 Executing VM operation: HandshakeAllThreads done
Event: 0.130 Executing VM operation: HandshakeAllThreads
Event: 0.130 Executing VM operation: HandshakeAllThreads done
Event: 0.179 Executing VM operation: HandshakeAllThreads
Event: 0.179 Executing VM operation: HandshakeAllThreads done
Event: 0.368 Executing VM operation: HandshakeAllThreads
Event: 0.368 Executing VM operation: HandshakeAllThreads done
Event: 0.380 Executing VM operation: HandshakeAllThreads
Event: 0.380 Executing VM operation: HandshakeAllThreads done
Event: 0.507 Executing VM operation: HandshakeAllThreads
Event: 0.507 Executing VM operation: HandshakeAllThreads done
Event: 0.514 Executing VM operation: HandshakeAllThreads
Event: 0.514 Executing VM operation: HandshakeAllThreads done
Event: 0.610 Executing VM operation: HandshakeAllThreads
Event: 0.610 Executing VM operation: HandshakeAllThreads done
Event: 0.643 Executing VM operation: HandshakeAllThreads
Event: 0.643 Executing VM operation: HandshakeAllThreads done
Event: 0.646 Executing VM operation: ICBufferFull
Event: 0.646 Executing VM operation: ICBufferFull done

Events (20 events):
Event: 0.661 loading class jdk/internal/math/FormattedFloatingDecimal$1
Event: 0.661 loading class jdk/internal/math/FormattedFloatingDecimal$1 done
Event: 0.661 loading class jdk/internal/math/FormattedFloatingDecimal$2
Event: 0.661 loading class jdk/internal/math/FormattedFloatingDecimal$2 done
Event: 0.662 loading class sun/util/resources/LocaleData$CommonResourceBundleProvider
Event: 0.662 loading class sun/util/resources/LocaleData$LocaleDataResourceBundleProvider
Event: 0.662 loading class java/util/spi/ResourceBundleProvider
Event: 0.662 loading class java/util/spi/ResourceBundleProvider done
Event: 0.662 loading class sun/util/resources/LocaleData$LocaleDataResourceBundleProvider done
Event: 0.662 loading class sun/util/resources/LocaleData$CommonResourceBundleProvider done
Event: 0.662 loading class sun/util/resources/Bundles$2
Event: 0.662 loading class sun/util/resources/Bundles$2 done
Event: 0.662 loading class java/lang/InstantiationException
Event: 0.662 loading class java/lang/InstantiationException done
Event: 0.666 loading class java/util/LinkedList$ListItr
Event: 0.666 loading class java/util/LinkedList$ListItr done
Event: 0.666 Thread 0x0000029f6386fc50 Thread added: 0x0000029f6386fc50
Event: 0.666 Thread 0x0000029f6386e440 Thread added: 0x0000029f6386e440
Event: 0.666 Thread 0x0000029f6386f2b0 Thread added: 0x0000029f6386f2b0
Event: 0.695 Thread 0x0000029f64020ac0 Thread added: 0x0000029f64020ac0


Dynamic libraries:
0x00007ff6a7da0000 - 0x00007ff6a7db0000 	C:\Program Files\Java\jdk-17\bin\javaw.exe
0x00007ffe27250000 - 0x00007ffe27448000 	C:\Windows\SYSTEM32\ntdll.dll
0x00007ffe260e0000 - 0x00007ffe2619f000 	C:\Windows\System32\KERNEL32.DLL
0x00007ffe24dc0000 - 0x00007ffe250b6000 	C:\Windows\System32\KERNELBASE.dll
0x00007ffe24c90000 - 0x00007ffe24d90000 	C:\Windows\System32\ucrtbase.dll
0x00007ffdc68a0000 - 0x00007ffdc68bb000 	C:\Program Files\Java\jdk-17\bin\VCRUNTIME140.dll
0x00007ffdc6880000 - 0x00007ffdc6898000 	C:\Program Files\Java\jdk-17\bin\jli.dll
0x00007ffe25dd0000 - 0x00007ffe25e7f000 	C:\Windows\System32\ADVAPI32.dll
0x00007ffe261a0000 - 0x00007ffe2623e000 	C:\Windows\System32\msvcrt.dll
0x00007ffe267c0000 - 0x00007ffe2685c000 	C:\Windows\System32\sechost.dll
0x00007ffe26c50000 - 0x00007ffe26d76000 	C:\Windows\System32\RPCRT4.dll
0x00007ffe26860000 - 0x00007ffe269fd000 	C:\Windows\System32\USER32.dll
0x00007ffe0e0a0000 - 0x00007ffe0e33a000 	C:\Windows\WinSxS\amd64_microsoft.windows.common-controls_6595b64144ccf1df_6.0.19041.1110_none_60b5254171f9507e\COMCTL32.dll
0x00007ffe271e0000 - 0x00007ffe2720c000 	C:\Windows\System32\GDI32.dll
0x00007ffe24d90000 - 0x00007ffe24db2000 	C:\Windows\System32\win32u.dll
0x00007ffe24a90000 - 0x00007ffe24ba5000 	C:\Windows\System32\gdi32full.dll
0x00007ffe251a0000 - 0x00007ffe2523d000 	C:\Windows\System32\msvcp_win.dll
0x00007ffe19c00000 - 0x00007ffe19c0a000 	C:\Windows\SYSTEM32\VERSION.dll
0x00007ffe270d0000 - 0x00007ffe27100000 	C:\Windows\System32\IMM32.DLL
0x00007ffdf2300000 - 0x00007ffdf230c000 	C:\Program Files\Java\jdk-17\bin\vcruntime140_1.dll
0x00007ffdc67f0000 - 0x00007ffdc687e000 	C:\Program Files\Java\jdk-17\bin\msvcp140.dll
0x00007ffdbdfb0000 - 0x00007ffdbeb87000 	C:\Program Files\Java\jdk-17\bin\server\jvm.dll
0x00007ffe26a90000 - 0x00007ffe26a98000 	C:\Windows\System32\PSAPI.DLL
0x00007ffe13470000 - 0x00007ffe13479000 	C:\Windows\SYSTEM32\WSOCK32.dll
0x00007ffe26ec0000 - 0x00007ffe26f2b000 	C:\Windows\System32\WS2_32.dll
0x00007ffe1a4e0000 - 0x00007ffe1a507000 	C:\Windows\SYSTEM32\WINMM.dll
0x00007ffe23160000 - 0x00007ffe23172000 	C:\Windows\SYSTEM32\kernel.appcore.dll
0x00007ffdf18d0000 - 0x00007ffdf18da000 	C:\Program Files\Java\jdk-17\bin\jimage.dll
0x00007ffe22e50000 - 0x00007ffe23034000 	C:\Windows\SYSTEM32\DBGHELP.DLL
0x00007ffe1a3f0000 - 0x00007ffe1a424000 	C:\Windows\SYSTEM32\dbgcore.DLL
0x00007ffe24c00000 - 0x00007ffe24c82000 	C:\Windows\System32\bcryptPrimitives.dll
0x00007ffddb5e0000 - 0x00007ffddb605000 	C:\Program Files\Java\jdk-17\bin\java.dll
0x00007ffddb4c0000 - 0x00007ffddb597000 	C:\Program Files\Java\jdk-17\bin\jsvml.dll
0x00007ffe25620000 - 0x00007ffe25d64000 	C:\Windows\System32\SHELL32.dll
0x00007ffe225f0000 - 0x00007ffe22d83000 	C:\Windows\SYSTEM32\windows.storage.dll
0x00007ffe252c0000 - 0x00007ffe25614000 	C:\Windows\System32\combase.dll
0x00007ffe24370000 - 0x00007ffe2439e000 	C:\Windows\SYSTEM32\Wldp.dll
0x00007ffe262a0000 - 0x00007ffe2634d000 	C:\Windows\System32\SHCORE.dll
0x00007ffe25d70000 - 0x00007ffe25dc5000 	C:\Windows\System32\shlwapi.dll
0x00007ffe24860000 - 0x00007ffe24885000 	C:\Windows\SYSTEM32\profapi.dll
0x00007ffddb4a0000 - 0x00007ffddb4b9000 	C:\Program Files\Java\jdk-17\bin\net.dll
0x00007ffe1ce20000 - 0x00007ffe1cf2a000 	C:\Windows\SYSTEM32\WINHTTP.dll
0x00007ffe240d0000 - 0x00007ffe2413a000 	C:\Windows\system32\mswsock.dll
0x00007ffddb480000 - 0x00007ffddb496000 	C:\Program Files\Java\jdk-17\bin\nio.dll
0x00007ffddb460000 - 0x00007ffddb478000 	C:\Program Files\Java\jdk-17\bin\zip.dll
0x00007ffe23d70000 - 0x00007ffe23dab000 	C:\Windows\SYSTEM32\IPHLPAPI.DLL
0x00007ffe26f30000 - 0x00007ffe26f38000 	C:\Windows\System32\NSI.dll
0x00007ffe1b680000 - 0x00007ffe1b697000 	C:\Windows\SYSTEM32\dhcpcsvc6.DLL
0x00007ffe1b660000 - 0x00007ffe1b67d000 	C:\Windows\SYSTEM32\dhcpcsvc.DLL
0x00007ffe23e00000 - 0x00007ffe23eca000 	C:\Windows\SYSTEM32\DNSAPI.dll
0x00007ffddb450000 - 0x00007ffddb460000 	C:\Program Files\Java\jdk-17\bin\verify.dll
0x00007ffd88cb0000 - 0x00007ffd88e41000 	C:\Program Files\Java\jdk-17\bin\awt.dll
0x00007ffe26f40000 - 0x00007ffe2700d000 	C:\Windows\System32\OLEAUT32.dll
0x00007ffe1ebe0000 - 0x00007ffe1ec71000 	C:\Windows\SYSTEM32\apphelp.dll

dbghelp: loaded successfully - version: 4.0.5 - missing functions: none
symbol engine: initialized successfully - sym options: 0x614 - pdb path: .;C:\Program Files\Java\jdk-17\bin;C:\Windows\SYSTEM32;C:\Windows\WinSxS\amd64_microsoft.windows.common-controls_6595b64144ccf1df_6.0.19041.1110_none_60b5254171f9507e;C:\Program Files\Java\jdk-17\bin\server

VM Arguments:
jvm_args: -Xms1G -Xmx1G -XX:+UseParallelGC -XX:ParallelGCThreads=4 -ea -Dfile.encoding=UTF-8 -XX:+ShowCodeDetailsInExceptionMessages 
java_command: org.eclipse.jdt.internal.junit.runner.RemoteTestRunner -version 3 -port 49864 -testLoaderClass org.eclipse.jdt.internal.junit5.runner.JUnit5TestLoader -loaderpluginname org.eclipse.jdt.junit5.runtime -classNames unittests.MiniProject2
java_class_path (initial): C:\Users\Dell\eclipse-workspace\ISE5783_5828_1115\bin;C:\Users\Dell\.p2\pool\plugins\junit-jupiter-api_5.9.3.jar;C:\Users\Dell\.p2\pool\plugins\junit-jupiter-engine_5.9.3.jar;C:\Users\Dell\.p2\pool\plugins\junit-jupiter-migrationsupport_5.9.3.jar;C:\Users\Dell\.p2\pool\plugins\junit-jupiter-params_5.9.3.jar;C:\Users\Dell\.p2\pool\plugins\junit-platform-commons_1.9.3.jar;C:\Users\Dell\.p2\pool\plugins\junit-platform-engine_1.9.3.jar;C:\Users\Dell\.p2\pool\plugins\junit-platform-launcher_1.9.3.jar;C:\Users\Dell\.p2\pool\plugins\junit-platform-runner_1.9.3.jar;C:\Users\Dell\.p2\pool\plugins\junit-platform-suite-api_1.9.3.jar;C:\Users\Dell\.p2\pool\plugins\junit-platform-suite-engine_1.9.3.jar;C:\Users\Dell\.p2\pool\plugins\junit-platform-suite-commons_1.9.3.jar;C:\Users\Dell\.p2\pool\plugins\junit-vintage-engine_5.9.3.jar;C:\Users\Dell\.p2\pool\plugins\org.opentest4j_1.2.0.jar;C:\Users\Dell\.p2\pool\plugins\org.apiguardian.api_1.1.2.jar;C:\Users\Dell\.p2\pool\plugins\org.junit_4.13.2.v20211018-1956.jar;C:\Users\Dell\.p2\pool\plugins\org.hamcrest.core_1.3.0.v20180420-1519.jar;C:\Users\Dell\eclipse\java-latest-released\eclipse\configuration\org.eclipse.osgi\226\0\.cp;C:\Users\Dell\eclipse\java-latest-released\eclipse\configuration\org.eclipse.osgi\525\0\.cp
Launcher Type: SUN_STANDARD

[Global flags]
     intx CICompilerCount                          = 4                                         {product} {ergonomic}
   size_t InitialHeapSize                          = 1073741824                                {product} {command line}
   size_t MaxHeapSize                              = 1073741824                                {product} {command line}
   size_t MaxNewSize                               = 357564416                                 {product} {ergonomic}
   size_t MinHeapDeltaBytes                        = 524288                                    {product} {ergonomic}
   size_t MinHeapSize                              = 1073741824                                {product} {command line}
   size_t NewSize                                  = 357564416                                 {product} {ergonomic}
    uintx NonNMethodCodeHeapSize                   = 5839372                                {pd product} {ergonomic}
    uintx NonProfiledCodeHeapSize                  = 122909434                              {pd product} {ergonomic}
   size_t OldSize                                  = 716177408                                 {product} {ergonomic}
     uint ParallelGCThreads                        = 4                                         {product} {command line}
    uintx ProfiledCodeHeapSize                     = 122909434                              {pd product} {ergonomic}
    uintx ReservedCodeCacheSize                    = 251658240                              {pd product} {ergonomic}
     bool SegmentedCodeCache                       = true                                      {product} {ergonomic}
     bool ShowCodeDetailsInExceptionMessages       = true                                   {manageable} {command line}
   size_t SoftMaxHeapSize                          = 1073741824                             {manageable} {ergonomic}
     bool UseCompressedClassPointers               = true                           {product lp64_product} {ergonomic}
     bool UseCompressedOops                        = true                           {product lp64_product} {ergonomic}
     bool UseLargePagesIndividualAllocation        = false                                  {pd product} {ergonomic}
     bool UseParallelGC                            = true                                      {product} {command line}

Logging:
Log output configuration:
 #0: stdout all=warning uptime,level,tags
 #1: stderr all=off uptime,level,tags

Environment Variables:
JAVA_HOME=C:\Program Files\Java\jdk-17
PATH=C:/Program Files/Java/jdk-17/bin/server;C:/Program Files/Java/jdk-17/bin;C:\Program Files\Common Files\Oracle\Java\javapath;C:\Program Files\Python310\Scripts\;C:\Program Files\Python310\;C:\Program Files (x86)\Python38-32\Scripts\;C:\Program Files (x86)\Python38-32\;C:\Program Files\Microsoft\jdk-11.0.12.7-hotspot\bin;C:\Windows\system32;C:\Windows;C:\Windows\System32\Wbem;C:\Windows\System32\WindowsPowerShell\v1.0\;C:\Windows\System32\OpenSSH\;C:\Program Files\Microsoft SQL Server\150\Tools\Binn\;C:\Program Files\Microsoft SQL Server\Client SDK\ODBC\170\Tools\Binn\;C:\Program Files\dotnet\;C:\Program Files\Java\jdk-17\bin;C:\Program Files\Git\cmd;C:\Program Files\nodejs\;C:\Users\Dell\AppData\Local\Microsoft\WindowsApps;C:\Users\Dell\.dotnet\tools;C:\assembly\fasm;C:\Users\Dell\AppData\Local\Programs\Microsoft VS Code\bin;C:\Users\Dell\AppData\Roaming\npm;;C:\Users\Dell\eclipse\java-latest-released\eclipse;
USERNAME=Dell
OS=Windows_NT
PROCESSOR_IDENTIFIER=Intel64 Family 6 Model 126 Stepping 5, GenuineIntel



---------------  S Y S T E M  ---------------

OS:
 Windows 10 , 64 bit Build 19041 (10.0.19041.3155)
OS uptime: 0 days 0:02 hours

CPU: total 8 (initial active 8) (4 cores per cpu, 2 threads per core) family 6 model 126 stepping 5 microcode 0xb2, cx8, cmov, fxsr, ht, mmx, 3dnowpref, sse, sse2, sse3, ssse3, sse4.1, sse4.2, popcnt, lzcnt, tsc, tscinvbit, avx, avx2, aes, erms, clmul, bmi1, bmi2, adx, avx512f, avx512dq, avx512cd, avx512bw, avx512vl, sha, fma, vzeroupper, avx512_vpopcntdq, avx512_vpclmulqdq, avx512_vaes, avx512_vnni, clflush, clflushopt, avx512_vbmi2, avx512_vbmi

Memory: 4k page, system-wide physical 16147M (9604M free)
TotalPageFile size 22035M (AvailPageFile size 13832M)
current process WorkingSet (physical memory assigned to process): 203M, peak: 203M
current process commit charge ("private bytes"): 1127M, peak: 1128M

vm_info: Java HotSpot(TM) 64-Bit Server VM (17.0.6+9-LTS-190) for windows-amd64 JRE (17.0.6+9-LTS-190), built on Dec  6 2022 15:53:54 by "mach5one" with MS VC++ 17.1 (VS2022)

END.
